{"/Users/soneill/Projects/node-fhir-server-core/packages/node-fhir-server-core/src/constants.js": {"path":"/Users/soneill/Projects/node-fhir-server-core/packages/node-fhir-server-core/src/constants.js","statementMap":{"0":{"start":{"line":1,"column":0},"end":{"line":49,"column":2}},"1":{"start":{"line":54,"column":0},"end":{"line":66,"column":2}},"2":{"start":{"line":71,"column":0},"end":{"line":76,"column":2}},"3":{"start":{"line":81,"column":0},"end":{"line":84,"column":2}},"4":{"start":{"line":86,"column":0},"end":{"line":88,"column":2}}},"fnMap":{},"branchMap":{},"s":{"0":9,"1":9,"2":9,"3":9,"4":9},"f":{},"b":{},"_coverageSchema":"43e27e138ebf9cfc5966b082cf9a028302ed4184","hash":"664b378128d91002c36d9252f424e451964a84e0"}
,"/Users/soneill/Projects/node-fhir-server-core/packages/node-fhir-server-core/src/test.config.js": {"path":"/Users/soneill/Projects/node-fhir-server-core/packages/node-fhir-server-core/src/test.config.js","statementMap":{"0":{"start":{"line":1,"column":0},"end":{"line":61,"column":2}}},"fnMap":{},"branchMap":{},"s":{"0":3},"f":{},"b":{},"_coverageSchema":"43e27e138ebf9cfc5966b082cf9a028302ed4184","hash":"a608c3d3112a2f88bd325d2df3a3d1d9a98423fc"}
,"/Users/soneill/Projects/node-fhir-server-core/packages/node-fhir-server-core/src/server/route.config.js": {"path":"/Users/soneill/Projects/node-fhir-server-core/packages/node-fhir-server-core/src/server/route.config.js","statementMap":{"0":{"start":{"line":1,"column":25},"end":{"line":1,"column":48}},"1":{"start":{"line":7,"column":13},"end":{"line":91,"column":1}},"2":{"start":{"line":97,"column":16},"end":{"line":113,"column":1}},"3":{"start":{"line":119,"column":0},"end":{"line":122,"column":2}}},"fnMap":{},"branchMap":{},"s":{"0":5,"1":5,"2":5,"3":5},"f":{},"b":{},"_coverageSchema":"43e27e138ebf9cfc5966b082cf9a028302ed4184","hash":"91c2aec06b17c04025fb1f8de8f6e007b799f08c"}
,"/Users/soneill/Projects/node-fhir-server-core/packages/node-fhir-server-core/src/server/router.js": {"path":"/Users/soneill/Projects/node-fhir-server-core/packages/node-fhir-server-core/src/server/router.js","statementMap":{"0":{"start":{"line":1,"column":36},"end":{"line":1,"column":92}},"1":{"start":{"line":2,"column":33},"end":{"line":2,"column":85}},"2":{"start":{"line":3,"column":27},"end":{"line":3,"column":74}},"3":{"start":{"line":4,"column":34},"end":{"line":4,"column":71}},"4":{"start":{"line":5,"column":30},"end":{"line":5,"column":55}},"5":{"start":{"line":6,"column":26},"end":{"line":6,"column":66}},"6":{"start":{"line":7,"column":31},"end":{"line":7,"column":64}},"7":{"start":{"line":8,"column":26},"end":{"line":8,"column":62}},"8":{"start":{"line":9,"column":32},"end":{"line":9,"column":63}},"9":{"start":{"line":10,"column":35},"end":{"line":10,"column":58}},"10":{"start":{"line":11,"column":18},"end":{"line":11,"column":58}},"11":{"start":{"line":12,"column":29},"end":{"line":12,"column":74}},"12":{"start":{"line":13,"column":22},"end":{"line":13,"column":45}},"13":{"start":{"line":14,"column":13},"end":{"line":14,"column":28}},"14":{"start":{"line":16,"column":23},"end":{"line":20,"column":1}},"15":{"start":{"line":29,"column":26},"end":{"line":29,"column":49}},"16":{"start":{"line":30,"column":25},"end":{"line":34,"column":15}},"17":{"start":{"line":31,"column":28},"end":{"line":31,"column":49}},"18":{"start":{"line":32,"column":4},"end":{"line":32,"column":50}},"19":{"start":{"line":32,"column":32},"end":{"line":32,"column":48}},"20":{"start":{"line":33,"column":4},"end":{"line":33,"column":15}},"21":{"start":{"line":39,"column":2},"end":{"line":39,"column":99}},"22":{"start":{"line":39,"column":56},"end":{"line":39,"column":97}},"23":{"start":{"line":51,"column":2},"end":{"line":51,"column":84}},"24":{"start":{"line":62,"column":2},"end":{"line":67,"column":4}},"25":{"start":{"line":63,"column":29},"end":{"line":63,"column":39}},"26":{"start":{"line":64,"column":23},"end":{"line":64,"column":64}},"27":{"start":{"line":66,"column":4},"end":{"line":66,"column":53}},"28":{"start":{"line":83,"column":4},"end":{"line":85,"column":73}},"29":{"start":{"line":87,"column":2},"end":{"line":124,"column":3}},"30":{"start":{"line":88,"column":23},"end":{"line":88,"column":55}},"31":{"start":{"line":89,"column":24},"end":{"line":89,"column":113}},"32":{"start":{"line":92,"column":4},"end":{"line":94,"column":5}},"33":{"start":{"line":93,"column":6},"end":{"line":93,"column":36}},"34":{"start":{"line":96,"column":26},"end":{"line":96,"column":49}},"35":{"start":{"line":97,"column":22},"end":{"line":97,"column":109}},"36":{"start":{"line":99,"column":16},"end":{"line":99,"column":65}},"37":{"start":{"line":99,"column":34},"end":{"line":99,"column":64}},"38":{"start":{"line":100,"column":22},"end":{"line":102,"column":6}},"39":{"start":{"line":104,"column":25},"end":{"line":107,"column":28}},"40":{"start":{"line":110,"column":4},"end":{"line":110,"column":51}},"41":{"start":{"line":113,"column":4},"end":{"line":123,"column":6}},"42":{"start":{"line":128,"column":16},"end":{"line":128,"column":30}},"43":{"start":{"line":131,"column":41},"end":{"line":133,"column":3}},"44":{"start":{"line":134,"column":22},"end":{"line":136,"column":4}},"45":{"start":{"line":139,"column":2},"end":{"line":139,"column":45}},"46":{"start":{"line":143,"column":2},"end":{"line":149,"column":4}},"47":{"start":{"line":154,"column":2},"end":{"line":236,"column":3}},"48":{"start":{"line":155,"column":23},"end":{"line":155,"column":40}},"49":{"start":{"line":156,"column":18},"end":{"line":156,"column":38}},"50":{"start":{"line":157,"column":19},"end":{"line":157,"column":35}},"51":{"start":{"line":160,"column":28},"end":{"line":160,"column":44}},"52":{"start":{"line":166,"column":4},"end":{"line":177,"column":5}},"53":{"start":{"line":167,"column":6},"end":{"line":170,"column":8}},"54":{"start":{"line":168,"column":26},"end":{"line":168,"column":99}},"55":{"start":{"line":172,"column":6},"end":{"line":176,"column":8}},"56":{"start":{"line":180,"column":4},"end":{"line":182,"column":5}},"57":{"start":{"line":181,"column":6},"end":{"line":181,"column":91}},"58":{"start":{"line":185,"column":4},"end":{"line":235,"column":5}},"59":{"start":{"line":187,"column":6},"end":{"line":189,"column":7}},"60":{"start":{"line":188,"column":8},"end":{"line":188,"column":17}},"61":{"start":{"line":192,"column":24},"end":{"line":194,"column":8}},"62":{"start":{"line":197,"column":6},"end":{"line":218,"column":7}},"63":{"start":{"line":199,"column":10},"end":{"line":199,"column":40}},"64":{"start":{"line":200,"column":10},"end":{"line":200,"column":16}},"65":{"start":{"line":205,"column":10},"end":{"line":205,"column":54}},"66":{"start":{"line":206,"column":10},"end":{"line":206,"column":16}},"67":{"start":{"line":209,"column":10},"end":{"line":209,"column":55}},"68":{"start":{"line":210,"column":10},"end":{"line":210,"column":16}},"69":{"start":{"line":213,"column":10},"end":{"line":213,"column":69}},"70":{"start":{"line":214,"column":10},"end":{"line":214,"column":16}},"71":{"start":{"line":216,"column":10},"end":{"line":216,"column":76}},"72":{"start":{"line":217,"column":10},"end":{"line":217,"column":16}},"73":{"start":{"line":220,"column":25},"end":{"line":220,"column":61}},"74":{"start":{"line":223,"column":6},"end":{"line":223,"column":51}},"75":{"start":{"line":226,"column":6},"end":{"line":234,"column":8}},"76":{"start":{"line":242,"column":15},"end":{"line":242,"column":44}},"77":{"start":{"line":243,"column":2},"end":{"line":261,"column":3}},"78":{"start":{"line":244,"column":41},"end":{"line":246,"column":5}},"79":{"start":{"line":247,"column":22},"end":{"line":249,"column":6}},"80":{"start":{"line":252,"column":4},"end":{"line":252,"column":51}},"81":{"start":{"line":254,"column":4},"end":{"line":260,"column":6}},"82":{"start":{"line":265,"column":24},"end":{"line":265,"column":31}},"83":{"start":{"line":266,"column":19},"end":{"line":266,"column":25}},"84":{"start":{"line":268,"column":21},"end":{"line":268,"column":58}},"85":{"start":{"line":270,"column":2},"end":{"line":270,"column":49}},"86":{"start":{"line":271,"column":2},"end":{"line":271,"column":50}},"87":{"start":{"line":273,"column":2},"end":{"line":273,"column":45}},"88":{"start":{"line":276,"column":0},"end":{"line":278,"column":2}}},"fnMap":{"0":{"name":"getAllConfiguredVersions","decl":{"start":{"line":28,"column":9},"end":{"line":28,"column":33}},"loc":{"start":{"line":28,"column":49},"end":{"line":40,"column":1}},"line":28},"1":{"name":"(anonymous_1)","decl":{"start":{"line":30,"column":69},"end":{"line":30,"column":70}},"loc":{"start":{"line":30,"column":91},"end":{"line":34,"column":3}},"line":30},"2":{"name":"(anonymous_2)","decl":{"start":{"line":32,"column":21},"end":{"line":32,"column":22}},"loc":{"start":{"line":32,"column":32},"end":{"line":32,"column":48}},"line":32},"3":{"name":"(anonymous_3)","decl":{"start":{"line":39,"column":45},"end":{"line":39,"column":46}},"loc":{"start":{"line":39,"column":56},"end":{"line":39,"column":97}},"line":39},"4":{"name":"hasValidService","decl":{"start":{"line":50,"column":9},"end":{"line":50,"column":24}},"loc":{"start":{"line":50,"column":51},"end":{"line":52,"column":1}},"line":50},"5":{"name":"loadController","decl":{"start":{"line":61,"column":9},"end":{"line":61,"column":23}},"loc":{"start":{"line":61,"column":60},"end":{"line":68,"column":1}},"line":61},"6":{"name":"(anonymous_6)","decl":{"start":{"line":62,"column":9},"end":{"line":62,"column":10}},"loc":{"start":{"line":62,"column":29},"end":{"line":67,"column":3}},"line":62},"7":{"name":"enableOperationRoutesForProfile","decl":{"start":{"line":80,"column":9},"end":{"line":80,"column":40}},"loc":{"start":{"line":80,"column":94},"end":{"line":125,"column":1}},"line":80},"8":{"name":"(anonymous_8)","decl":{"start":{"line":99,"column":28},"end":{"line":99,"column":29}},"loc":{"start":{"line":99,"column":34},"end":{"line":99,"column":64}},"line":99},"9":{"name":"enableMetadataRoute","decl":{"start":{"line":127,"column":9},"end":{"line":127,"column":28}},"loc":{"start":{"line":127,"column":56},"end":{"line":150,"column":1}},"line":127},"10":{"name":"enableResourceRoutes","decl":{"start":{"line":152,"column":9},"end":{"line":152,"column":29}},"loc":{"start":{"line":152,"column":57},"end":{"line":237,"column":1}},"line":152},"11":{"name":"(anonymous_11)","decl":{"start":{"line":168,"column":8},"end":{"line":168,"column":9}},"loc":{"start":{"line":168,"column":26},"end":{"line":168,"column":99}},"line":168},"12":{"name":"enableBaseRoute","decl":{"start":{"line":239,"column":9},"end":{"line":239,"column":24}},"loc":{"start":{"line":239,"column":52},"end":{"line":262,"column":1}},"line":239},"13":{"name":"setRoutes","decl":{"start":{"line":264,"column":9},"end":{"line":264,"column":18}},"loc":{"start":{"line":264,"column":33},"end":{"line":274,"column":1}},"line":264}},"branchMap":{"0":{"loc":{"start":{"line":28,"column":34},"end":{"line":28,"column":47}},"type":"default-arg","locations":[{"start":{"line":28,"column":45},"end":{"line":28,"column":47}}],"line":28},"1":{"loc":{"start":{"line":31,"column":10},"end":{"line":31,"column":23}},"type":"default-arg","locations":[{"start":{"line":31,"column":21},"end":{"line":31,"column":23}}],"line":31},"2":{"loc":{"start":{"line":50,"column":25},"end":{"line":50,"column":35}},"type":"default-arg","locations":[{"start":{"line":50,"column":33},"end":{"line":50,"column":35}}],"line":50},"3":{"loc":{"start":{"line":50,"column":37},"end":{"line":50,"column":49}},"type":"default-arg","locations":[{"start":{"line":50,"column":47},"end":{"line":50,"column":49}}],"line":50},"4":{"loc":{"start":{"line":51,"column":17},"end":{"line":51,"column":82}},"type":"binary-expr","locations":[{"start":{"line":51,"column":17},"end":{"line":51,"column":38}},{"start":{"line":51,"column":42},"end":{"line":51,"column":82}}],"line":51},"5":{"loc":{"start":{"line":88,"column":41},"end":{"line":88,"column":54}},"type":"binary-expr","locations":[{"start":{"line":88,"column":41},"end":{"line":88,"column":48}},{"start":{"line":88,"column":52},"end":{"line":88,"column":54}}],"line":88},"6":{"loc":{"start":{"line":89,"column":24},"end":{"line":89,"column":113}},"type":"cond-expr","locations":[{"start":{"line":89,"column":48},"end":{"line":89,"column":105}},{"start":{"line":89,"column":108},"end":{"line":89,"column":113}}],"line":89},"7":{"loc":{"start":{"line":92,"column":4},"end":{"line":94,"column":5}},"type":"if","locations":[{"start":{"line":92,"column":4},"end":{"line":94,"column":5}},{"start":{"line":92,"column":4},"end":{"line":94,"column":5}}],"line":92},"8":{"loc":{"start":{"line":92,"column":8},"end":{"line":92,"column":61}},"type":"binary-expr","locations":[{"start":{"line":92,"column":8},"end":{"line":92,"column":16}},{"start":{"line":92,"column":20},"end":{"line":92,"column":29}},{"start":{"line":92,"column":33},"end":{"line":92,"column":43}},{"start":{"line":92,"column":47},"end":{"line":92,"column":61}}],"line":92},"9":{"loc":{"start":{"line":97,"column":22},"end":{"line":97,"column":109}},"type":"cond-expr","locations":[{"start":{"line":97,"column":51},"end":{"line":97,"column":79}},{"start":{"line":97,"column":82},"end":{"line":97,"column":109}}],"line":97},"10":{"loc":{"start":{"line":180,"column":4},"end":{"line":182,"column":5}},"type":"if","locations":[{"start":{"line":180,"column":4},"end":{"line":182,"column":5}},{"start":{"line":180,"column":4},"end":{"line":182,"column":5}}],"line":180},"11":{"loc":{"start":{"line":180,"column":8},"end":{"line":180,"column":53}},"type":"binary-expr","locations":[{"start":{"line":180,"column":8},"end":{"line":180,"column":25}},{"start":{"line":180,"column":29},"end":{"line":180,"column":53}}],"line":180},"12":{"loc":{"start":{"line":187,"column":6},"end":{"line":189,"column":7}},"type":"if","locations":[{"start":{"line":187,"column":6},"end":{"line":189,"column":7}},{"start":{"line":187,"column":6},"end":{"line":189,"column":7}}],"line":187},"13":{"loc":{"start":{"line":197,"column":6},"end":{"line":218,"column":7}},"type":"switch","locations":[{"start":{"line":198,"column":8},"end":{"line":200,"column":16}},{"start":{"line":201,"column":8},"end":{"line":201,"column":39}},{"start":{"line":202,"column":8},"end":{"line":202,"column":33}},{"start":{"line":203,"column":8},"end":{"line":203,"column":33}},{"start":{"line":204,"column":8},"end":{"line":206,"column":16}},{"start":{"line":207,"column":8},"end":{"line":207,"column":33}},{"start":{"line":208,"column":8},"end":{"line":210,"column":16}},{"start":{"line":211,"column":8},"end":{"line":211,"column":40}},{"start":{"line":212,"column":8},"end":{"line":214,"column":16}},{"start":{"line":215,"column":8},"end":{"line":217,"column":16}}],"line":197},"14":{"loc":{"start":{"line":264,"column":19},"end":{"line":264,"column":31}},"type":"default-arg","locations":[{"start":{"line":264,"column":29},"end":{"line":264,"column":31}}],"line":264}},"s":{"0":5,"1":5,"2":5,"3":5,"4":5,"5":5,"6":5,"7":5,"8":5,"9":5,"10":5,"11":5,"12":5,"13":5,"14":5,"15":20,"16":20,"17":85,"18":85,"19":102,"20":85,"21":20,"22":38,"23":1264,"24":726,"25":12,"26":12,"27":12,"28":6,"29":6,"30":6,"31":6,"32":6,"33":4,"34":2,"35":2,"36":2,"37":24,"38":2,"39":2,"40":2,"41":2,"42":20,"43":20,"44":20,"45":20,"46":20,"47":20,"48":85,"49":85,"50":85,"51":85,"52":85,"53":85,"54":102,"55":2,"56":83,"57":6,"58":79,"59":1264,"60":538,"61":726,"62":726,"63":72,"64":72,"65":288,"66":288,"67":222,"68":222,"69":72,"70":72,"71":72,"72":72,"73":726,"74":726,"75":726,"76":14,"77":14,"78":0,"79":0,"80":0,"81":0,"82":20,"83":20,"84":20,"85":20,"86":20,"87":14,"88":5},"f":{"0":20,"1":85,"2":102,"3":38,"4":1264,"5":726,"6":12,"7":6,"8":24,"9":20,"10":20,"11":102,"12":14,"13":20},"b":{"0":[0],"1":[1],"2":[0],"3":[0],"4":[1264,1200],"5":[6,1],"6":[2,4],"7":[4,2],"8":[6,5,4,3],"9":[2,0],"10":[6,77],"11":[83,6],"12":[538,726],"13":[72,72,144,216,288,150,222,72,72,72],"14":[0]},"_coverageSchema":"43e27e138ebf9cfc5966b082cf9a028302ed4184","hash":"2f08a2dcde3bf9099f6fff47f7dae8072cce2185"}
,"/Users/soneill/Projects/node-fhir-server-core/packages/node-fhir-server-core/src/server/server.js": {"path":"/Users/soneill/Projects/node-fhir-server-core/packages/node-fhir-server-core/src/server/server.js","statementMap":{"0":{"start":{"line":1,"column":26},"end":{"line":1,"column":57}},"1":{"start":{"line":2,"column":18},"end":{"line":2,"column":55}},"2":{"start":{"line":3,"column":20},"end":{"line":3,"column":51}},"3":{"start":{"line":4,"column":18},"end":{"line":4,"column":46}},"4":{"start":{"line":5,"column":34},"end":{"line":5,"column":86}},"5":{"start":{"line":6,"column":21},"end":{"line":6,"column":44}},"6":{"start":{"line":7,"column":20},"end":{"line":7,"column":42}},"7":{"start":{"line":8,"column":19},"end":{"line":8,"column":41}},"8":{"start":{"line":9,"column":16},"end":{"line":9,"column":40}},"9":{"start":{"line":10,"column":16},"end":{"line":10,"column":36}},"10":{"start":{"line":11,"column":15},"end":{"line":11,"column":34}},"11":{"start":{"line":12,"column":17},"end":{"line":12,"column":36}},"12":{"start":{"line":13,"column":16},"end":{"line":13,"column":34}},"13":{"start":{"line":14,"column":15},"end":{"line":14,"column":32}},"14":{"start":{"line":15,"column":14},"end":{"line":15,"column":30}},"15":{"start":{"line":16,"column":13},"end":{"line":16,"column":28}},"16":{"start":{"line":17,"column":13},"end":{"line":17,"column":28}},"17":{"start":{"line":18,"column":11},"end":{"line":18,"column":24}},"18":{"start":{"line":28,"column":17},"end":{"line":34,"column":3}},"19":{"start":{"line":36,"column":2},"end":{"line":36,"column":49}},"20":{"start":{"line":46,"column":15},"end":{"line":46,"column":17}},"21":{"start":{"line":51,"column":2},"end":{"line":69,"column":5}},"22":{"start":{"line":52,"column":19},"end":{"line":52,"column":42}},"23":{"start":{"line":53,"column":18},"end":{"line":53,"column":40}},"24":{"start":{"line":56,"column":4},"end":{"line":64,"column":5}},"25":{"start":{"line":57,"column":6},"end":{"line":57,"column":82}},"26":{"start":{"line":59,"column":6},"end":{"line":63,"column":7}},"27":{"start":{"line":60,"column":8},"end":{"line":60,"column":110}},"28":{"start":{"line":62,"column":8},"end":{"line":62,"column":66}},"29":{"start":{"line":66,"column":4},"end":{"line":68,"column":5}},"30":{"start":{"line":67,"column":6},"end":{"line":67,"column":27}},"31":{"start":{"line":70,"column":2},"end":{"line":70,"column":16}},"32":{"start":{"line":80,"column":2},"end":{"line":84,"column":4}},"33":{"start":{"line":87,"column":2},"end":{"line":92,"column":4}},"34":{"start":{"line":97,"column":15},"end":{"line":97,"column":53}},"35":{"start":{"line":99,"column":2},"end":{"line":104,"column":4}},"36":{"start":{"line":110,"column":4},"end":{"line":110,"column":40}},"37":{"start":{"line":112,"column":4},"end":{"line":112,"column":44}},"38":{"start":{"line":114,"column":4},"end":{"line":114,"column":26}},"39":{"start":{"line":117,"column":4},"end":{"line":121,"column":6}},"40":{"start":{"line":123,"column":4},"end":{"line":123,"column":37}},"41":{"start":{"line":125,"column":26},"end":{"line":125,"column":37}},"42":{"start":{"line":127,"column":4},"end":{"line":130,"column":6}},"43":{"start":{"line":132,"column":4},"end":{"line":132,"column":16}},"44":{"start":{"line":138,"column":4},"end":{"line":140,"column":5}},"45":{"start":{"line":139,"column":6},"end":{"line":139,"column":63}},"46":{"start":{"line":142,"column":4},"end":{"line":142,"column":60}},"47":{"start":{"line":144,"column":4},"end":{"line":144,"column":44}},"48":{"start":{"line":146,"column":4},"end":{"line":146,"column":60}},"49":{"start":{"line":147,"column":4},"end":{"line":147,"column":96}},"50":{"start":{"line":149,"column":4},"end":{"line":149,"column":44}},"51":{"start":{"line":151,"column":4},"end":{"line":151,"column":103}},"52":{"start":{"line":153,"column":4},"end":{"line":153,"column":16}},"53":{"start":{"line":168,"column":4},"end":{"line":175,"column":6}},"54":{"start":{"line":177,"column":4},"end":{"line":177,"column":16}},"55":{"start":{"line":183,"column":26},"end":{"line":183,"column":37}},"56":{"start":{"line":185,"column":4},"end":{"line":187,"column":5}},"57":{"start":{"line":186,"column":6},"end":{"line":186,"column":51}},"58":{"start":{"line":189,"column":4},"end":{"line":189,"column":16}},"59":{"start":{"line":195,"column":4},"end":{"line":195,"column":16}},"60":{"start":{"line":199,"column":4},"end":{"line":202,"column":5}},"61":{"start":{"line":200,"column":25},"end":{"line":200,"column":81}},"62":{"start":{"line":201,"column":6},"end":{"line":201,"column":29}},"63":{"start":{"line":205,"column":4},"end":{"line":205,"column":16}},"64":{"start":{"line":211,"column":26},"end":{"line":211,"column":37}},"65":{"start":{"line":213,"column":4},"end":{"line":215,"column":5}},"66":{"start":{"line":214,"column":6},"end":{"line":214,"column":78}},"67":{"start":{"line":217,"column":4},"end":{"line":217,"column":16}},"68":{"start":{"line":222,"column":4},"end":{"line":222,"column":27}},"69":{"start":{"line":224,"column":4},"end":{"line":224,"column":16}},"70":{"start":{"line":229,"column":4},"end":{"line":229,"column":47}},"71":{"start":{"line":231,"column":4},"end":{"line":231,"column":16}},"72":{"start":{"line":236,"column":17},"end":{"line":236,"column":39}},"73":{"start":{"line":238,"column":4},"end":{"line":240,"column":5}},"74":{"start":{"line":239,"column":6},"end":{"line":239,"column":61}},"75":{"start":{"line":244,"column":4},"end":{"line":275,"column":7}},"76":{"start":{"line":246,"column":19},"end":{"line":246,"column":61}},"77":{"start":{"line":248,"column":31},"end":{"line":248,"column":70}},"78":{"start":{"line":250,"column":6},"end":{"line":274,"column":7}},"79":{"start":{"line":251,"column":23},"end":{"line":251,"column":44}},"80":{"start":{"line":252,"column":8},"end":{"line":252,"column":37}},"81":{"start":{"line":253,"column":13},"end":{"line":274,"column":7}},"82":{"start":{"line":254,"column":23},"end":{"line":254,"column":44}},"83":{"start":{"line":255,"column":8},"end":{"line":255,"column":59}},"84":{"start":{"line":256,"column":13},"end":{"line":274,"column":7}},"85":{"start":{"line":257,"column":22},"end":{"line":268,"column":10}},"86":{"start":{"line":270,"column":8},"end":{"line":270,"column":28}},"87":{"start":{"line":271,"column":8},"end":{"line":271,"column":49}},"88":{"start":{"line":273,"column":8},"end":{"line":273,"column":15}},"89":{"start":{"line":278,"column":4},"end":{"line":306,"column":7}},"90":{"start":{"line":280,"column":19},"end":{"line":280,"column":61}},"91":{"start":{"line":283,"column":6},"end":{"line":288,"column":7}},"92":{"start":{"line":284,"column":8},"end":{"line":284,"column":67}},"93":{"start":{"line":287,"column":8},"end":{"line":287,"column":70}},"94":{"start":{"line":291,"column":20},"end":{"line":302,"column":8}},"95":{"start":{"line":304,"column":6},"end":{"line":304,"column":26}},"96":{"start":{"line":305,"column":6},"end":{"line":305,"column":47}},"97":{"start":{"line":309,"column":4},"end":{"line":309,"column":16}},"98":{"start":{"line":316,"column":4},"end":{"line":319,"column":5}},"99":{"start":{"line":317,"column":6},"end":{"line":317,"column":22}},"100":{"start":{"line":318,"column":6},"end":{"line":318,"column":30}},"101":{"start":{"line":321,"column":4},"end":{"line":325,"column":5}},"102":{"start":{"line":322,"column":6},"end":{"line":322,"column":22}},"103":{"start":{"line":323,"column":6},"end":{"line":323,"column":30}},"104":{"start":{"line":324,"column":6},"end":{"line":324,"column":30}},"105":{"start":{"line":327,"column":17},"end":{"line":327,"column":35}},"106":{"start":{"line":329,"column":4},"end":{"line":333,"column":6}},"107":{"start":{"line":336,"column":4},"end":{"line":344,"column":10}},"108":{"start":{"line":347,"column":4},"end":{"line":347,"column":72}},"109":{"start":{"line":351,"column":0},"end":{"line":351,"column":24}}},"fnMap":{"0":{"name":"mergeDefaults","decl":{"start":{"line":26,"column":9},"end":{"line":26,"column":22}},"loc":{"start":{"line":26,"column":39},"end":{"line":37,"column":1}},"line":26},"1":{"name":"verifyAndLoadProfiles","decl":{"start":{"line":45,"column":9},"end":{"line":45,"column":30}},"loc":{"start":{"line":45,"column":41},"end":{"line":71,"column":1}},"line":45},"2":{"name":"(anonymous_2)","decl":{"start":{"line":51,"column":47},"end":{"line":51,"column":48}},"loc":{"start":{"line":51,"column":55},"end":{"line":69,"column":3}},"line":51},"3":{"name":"validate","decl":{"start":{"line":78,"column":9},"end":{"line":78,"column":17}},"loc":{"start":{"line":78,"column":26},"end":{"line":105,"column":1}},"line":78},"4":{"name":"(anonymous_4)","decl":{"start":{"line":108,"column":2},"end":{"line":108,"column":3}},"loc":{"start":{"line":108,"column":32},"end":{"line":133,"column":3}},"line":108},"5":{"name":"(anonymous_5)","decl":{"start":{"line":136,"column":2},"end":{"line":136,"column":3}},"loc":{"start":{"line":136,"column":24},"end":{"line":154,"column":3}},"line":136},"6":{"name":"(anonymous_6)","decl":{"start":{"line":157,"column":2},"end":{"line":157,"column":3}},"loc":{"start":{"line":157,"column":32},"end":{"line":178,"column":3}},"line":157},"7":{"name":"(anonymous_7)","decl":{"start":{"line":181,"column":2},"end":{"line":181,"column":3}},"loc":{"start":{"line":181,"column":28},"end":{"line":190,"column":3}},"line":181},"8":{"name":"(anonymous_8)","decl":{"start":{"line":193,"column":2},"end":{"line":193,"column":3}},"loc":{"start":{"line":193,"column":27},"end":{"line":196,"column":3}},"line":193},"9":{"name":"(anonymous_9)","decl":{"start":{"line":198,"column":2},"end":{"line":198,"column":3}},"loc":{"start":{"line":198,"column":22},"end":{"line":206,"column":3}},"line":198},"10":{"name":"(anonymous_10)","decl":{"start":{"line":209,"column":2},"end":{"line":209,"column":3}},"loc":{"start":{"line":209,"column":43},"end":{"line":218,"column":3}},"line":209},"11":{"name":"(anonymous_11)","decl":{"start":{"line":221,"column":2},"end":{"line":221,"column":3}},"loc":{"start":{"line":221,"column":21},"end":{"line":225,"column":3}},"line":221},"12":{"name":"(anonymous_12)","decl":{"start":{"line":228,"column":2},"end":{"line":228,"column":3}},"loc":{"start":{"line":228,"column":24},"end":{"line":232,"column":3}},"line":228},"13":{"name":"(anonymous_13)","decl":{"start":{"line":235,"column":2},"end":{"line":235,"column":3}},"loc":{"start":{"line":235,"column":19},"end":{"line":310,"column":3}},"line":235},"14":{"name":"(anonymous_14)","decl":{"start":{"line":244,"column":17},"end":{"line":244,"column":18}},"loc":{"start":{"line":244,"column":42},"end":{"line":275,"column":5}},"line":244},"15":{"name":"(anonymous_15)","decl":{"start":{"line":278,"column":17},"end":{"line":278,"column":18}},"loc":{"start":{"line":278,"column":31},"end":{"line":306,"column":5}},"line":278},"16":{"name":"(anonymous_16)","decl":{"start":{"line":313,"column":2},"end":{"line":313,"column":3}},"loc":{"start":{"line":313,"column":69},"end":{"line":348,"column":3}},"line":313}},"branchMap":{"0":{"loc":{"start":{"line":56,"column":4},"end":{"line":64,"column":5}},"type":"if","locations":[{"start":{"line":56,"column":4},"end":{"line":64,"column":5}},{"start":{"line":56,"column":4},"end":{"line":64,"column":5}}],"line":56},"1":{"loc":{"start":{"line":56,"column":8},"end":{"line":56,"column":29}},"type":"binary-expr","locations":[{"start":{"line":56,"column":8},"end":{"line":56,"column":16}},{"start":{"line":56,"column":20},"end":{"line":56,"column":29}}],"line":56},"2":{"loc":{"start":{"line":60,"column":39},"end":{"line":60,"column":109}},"type":"cond-expr","locations":[{"start":{"line":60,"column":69},"end":{"line":60,"column":99}},{"start":{"line":60,"column":102},"end":{"line":60,"column":109}}],"line":60},"3":{"loc":{"start":{"line":66,"column":4},"end":{"line":68,"column":5}},"type":"if","locations":[{"start":{"line":66,"column":4},"end":{"line":68,"column":5}},{"start":{"line":66,"column":4},"end":{"line":68,"column":5}}],"line":66},"4":{"loc":{"start":{"line":81,"column":4},"end":{"line":81,"column":96}},"type":"binary-expr","locations":[{"start":{"line":81,"column":4},"end":{"line":81,"column":22}},{"start":{"line":81,"column":27},"end":{"line":81,"column":44}},{"start":{"line":81,"column":48},"end":{"line":81,"column":69}},{"start":{"line":81,"column":73},"end":{"line":81,"column":95}}],"line":81},"5":{"loc":{"start":{"line":108,"column":14},"end":{"line":108,"column":25}},"type":"default-arg","locations":[{"start":{"line":108,"column":23},"end":{"line":108,"column":25}}],"line":108},"6":{"loc":{"start":{"line":123,"column":15},"end":{"line":123,"column":36}},"type":"cond-expr","locations":[{"start":{"line":123,"column":21},"end":{"line":123,"column":24}},{"start":{"line":123,"column":27},"end":{"line":123,"column":36}}],"line":123},"7":{"loc":{"start":{"line":125,"column":10},"end":{"line":125,"column":21}},"type":"default-arg","locations":[{"start":{"line":125,"column":19},"end":{"line":125,"column":21}}],"line":125},"8":{"loc":{"start":{"line":128,"column":21},"end":{"line":128,"column":83}},"type":"binary-expr","locations":[{"start":{"line":128,"column":21},"end":{"line":128,"column":42}},{"start":{"line":128,"column":46},"end":{"line":128,"column":83}}],"line":128},"9":{"loc":{"start":{"line":129,"column":17},"end":{"line":129,"column":89}},"type":"cond-expr","locations":[{"start":{"line":129,"column":67},"end":{"line":129,"column":77}},{"start":{"line":129,"column":80},"end":{"line":129,"column":89}}],"line":129},"10":{"loc":{"start":{"line":129,"column":17},"end":{"line":129,"column":64}},"type":"binary-expr","locations":[{"start":{"line":129,"column":17},"end":{"line":129,"column":27}},{"start":{"line":129,"column":31},"end":{"line":129,"column":45}},{"start":{"line":129,"column":49},"end":{"line":129,"column":64}}],"line":129},"11":{"loc":{"start":{"line":138,"column":4},"end":{"line":140,"column":5}},"type":"if","locations":[{"start":{"line":138,"column":4},"end":{"line":140,"column":5}},{"start":{"line":138,"column":4},"end":{"line":140,"column":5}}],"line":138},"12":{"loc":{"start":{"line":138,"column":8},"end":{"line":138,"column":77}},"type":"binary-expr","locations":[{"start":{"line":138,"column":8},"end":{"line":138,"column":33}},{"start":{"line":138,"column":37},"end":{"line":138,"column":77}}],"line":138},"13":{"loc":{"start":{"line":151,"column":25},"end":{"line":151,"column":100}},"type":"binary-expr","locations":[{"start":{"line":151,"column":25},"end":{"line":151,"column":51}},{"start":{"line":151,"column":55},"end":{"line":151,"column":100}}],"line":151},"14":{"loc":{"start":{"line":170,"column":8},"end":{"line":173,"column":9}},"type":"binary-expr","locations":[{"start":{"line":170,"column":8},"end":{"line":170,"column":20}},{"start":{"line":170,"column":24},"end":{"line":173,"column":9}}],"line":170},"15":{"loc":{"start":{"line":183,"column":10},"end":{"line":183,"column":21}},"type":"default-arg","locations":[{"start":{"line":183,"column":19},"end":{"line":183,"column":21}}],"line":183},"16":{"loc":{"start":{"line":185,"column":4},"end":{"line":187,"column":5}},"type":"if","locations":[{"start":{"line":185,"column":4},"end":{"line":187,"column":5}},{"start":{"line":185,"column":4},"end":{"line":187,"column":5}}],"line":185},"17":{"loc":{"start":{"line":185,"column":8},"end":{"line":185,"column":38}},"type":"binary-expr","locations":[{"start":{"line":185,"column":8},"end":{"line":185,"column":15}},{"start":{"line":185,"column":19},"end":{"line":185,"column":38}}],"line":185},"18":{"loc":{"start":{"line":186,"column":19},"end":{"line":186,"column":49}},"type":"binary-expr","locations":[{"start":{"line":186,"column":19},"end":{"line":186,"column":26}},{"start":{"line":186,"column":30},"end":{"line":186,"column":49}}],"line":186},"19":{"loc":{"start":{"line":199,"column":4},"end":{"line":202,"column":5}},"type":"if","locations":[{"start":{"line":199,"column":4},"end":{"line":202,"column":5}},{"start":{"line":199,"column":4},"end":{"line":202,"column":5}}],"line":199},"20":{"loc":{"start":{"line":199,"column":8},"end":{"line":199,"column":53}},"type":"binary-expr","locations":[{"start":{"line":199,"column":8},"end":{"line":199,"column":24}},{"start":{"line":199,"column":28},"end":{"line":199,"column":53}}],"line":199},"21":{"loc":{"start":{"line":209,"column":21},"end":{"line":209,"column":41}},"type":"default-arg","locations":[{"start":{"line":209,"column":39},"end":{"line":209,"column":41}}],"line":209},"22":{"loc":{"start":{"line":211,"column":10},"end":{"line":211,"column":21}},"type":"default-arg","locations":[{"start":{"line":211,"column":19},"end":{"line":211,"column":21}}],"line":211},"23":{"loc":{"start":{"line":213,"column":4},"end":{"line":215,"column":5}},"type":"if","locations":[{"start":{"line":213,"column":4},"end":{"line":215,"column":5}},{"start":{"line":213,"column":4},"end":{"line":215,"column":5}}],"line":213},"24":{"loc":{"start":{"line":213,"column":8},"end":{"line":213,"column":49}},"type":"binary-expr","locations":[{"start":{"line":213,"column":8},"end":{"line":213,"column":23}},{"start":{"line":213,"column":27},"end":{"line":213,"column":49}}],"line":213},"25":{"loc":{"start":{"line":214,"column":34},"end":{"line":214,"column":75}},"type":"binary-expr","locations":[{"start":{"line":214,"column":34},"end":{"line":214,"column":49}},{"start":{"line":214,"column":53},"end":{"line":214,"column":75}}],"line":214},"26":{"loc":{"start":{"line":238,"column":4},"end":{"line":240,"column":5}},"type":"if","locations":[{"start":{"line":238,"column":4},"end":{"line":240,"column":5}},{"start":{"line":238,"column":4},"end":{"line":240,"column":5}}],"line":238},"27":{"loc":{"start":{"line":238,"column":8},"end":{"line":238,"column":75}},"type":"binary-expr","locations":[{"start":{"line":238,"column":8},"end":{"line":238,"column":33}},{"start":{"line":238,"column":37},"end":{"line":238,"column":75}}],"line":238},"28":{"loc":{"start":{"line":246,"column":19},"end":{"line":246,"column":61}},"type":"binary-expr","locations":[{"start":{"line":246,"column":19},"end":{"line":246,"column":40}},{"start":{"line":246,"column":44},"end":{"line":246,"column":61}}],"line":246},"29":{"loc":{"start":{"line":250,"column":6},"end":{"line":274,"column":7}},"type":"if","locations":[{"start":{"line":250,"column":6},"end":{"line":274,"column":7}},{"start":{"line":250,"column":6},"end":{"line":274,"column":7}}],"line":250},"30":{"loc":{"start":{"line":250,"column":10},"end":{"line":250,"column":67}},"type":"binary-expr","locations":[{"start":{"line":250,"column":10},"end":{"line":250,"column":13}},{"start":{"line":250,"column":17},"end":{"line":250,"column":67}}],"line":250},"31":{"loc":{"start":{"line":251,"column":23},"end":{"line":251,"column":44}},"type":"binary-expr","locations":[{"start":{"line":251,"column":23},"end":{"line":251,"column":37}},{"start":{"line":251,"column":41},"end":{"line":251,"column":44}}],"line":251},"32":{"loc":{"start":{"line":253,"column":13},"end":{"line":274,"column":7}},"type":"if","locations":[{"start":{"line":253,"column":13},"end":{"line":274,"column":7}},{"start":{"line":253,"column":13},"end":{"line":274,"column":7}}],"line":253},"33":{"loc":{"start":{"line":254,"column":23},"end":{"line":254,"column":44}},"type":"binary-expr","locations":[{"start":{"line":254,"column":23},"end":{"line":254,"column":37}},{"start":{"line":254,"column":41},"end":{"line":254,"column":44}}],"line":254},"34":{"loc":{"start":{"line":256,"column":13},"end":{"line":274,"column":7}},"type":"if","locations":[{"start":{"line":256,"column":13},"end":{"line":274,"column":7}},{"start":{"line":256,"column":13},"end":{"line":274,"column":7}}],"line":256},"35":{"loc":{"start":{"line":280,"column":19},"end":{"line":280,"column":61}},"type":"binary-expr","locations":[{"start":{"line":280,"column":19},"end":{"line":280,"column":40}},{"start":{"line":280,"column":44},"end":{"line":280,"column":61}}],"line":280},"36":{"loc":{"start":{"line":283,"column":6},"end":{"line":288,"column":7}},"type":"if","locations":[{"start":{"line":283,"column":6},"end":{"line":288,"column":7}},{"start":{"line":283,"column":6},"end":{"line":288,"column":7}}],"line":283},"37":{"loc":{"start":{"line":313,"column":9},"end":{"line":313,"column":32}},"type":"default-arg","locations":[{"start":{"line":313,"column":16},"end":{"line":313,"column":32}}],"line":313},"38":{"loc":{"start":{"line":313,"column":34},"end":{"line":313,"column":57}},"type":"default-arg","locations":[{"start":{"line":313,"column":41},"end":{"line":313,"column":57}}],"line":313},"39":{"loc":{"start":{"line":316,"column":4},"end":{"line":319,"column":5}},"type":"if","locations":[{"start":{"line":316,"column":4},"end":{"line":319,"column":5}},{"start":{"line":316,"column":4},"end":{"line":319,"column":5}}],"line":316},"40":{"loc":{"start":{"line":321,"column":4},"end":{"line":325,"column":5}},"type":"if","locations":[{"start":{"line":321,"column":4},"end":{"line":325,"column":5}},{"start":{"line":321,"column":4},"end":{"line":325,"column":5}}],"line":321},"41":{"loc":{"start":{"line":330,"column":6},"end":{"line":330,"column":25}},"type":"binary-expr","locations":[{"start":{"line":330,"column":6},"end":{"line":330,"column":10}},{"start":{"line":330,"column":14},"end":{"line":330,"column":25}}],"line":330},"42":{"loc":{"start":{"line":336,"column":15},"end":{"line":344,"column":9}},"type":"cond-expr","locations":[{"start":{"line":337,"column":8},"end":{"line":337,"column":35}},{"start":{"line":338,"column":8},"end":{"line":344,"column":9}}],"line":336},"43":{"loc":{"start":{"line":347,"column":20},"end":{"line":347,"column":39}},"type":"binary-expr","locations":[{"start":{"line":347,"column":20},"end":{"line":347,"column":24}},{"start":{"line":347,"column":28},"end":{"line":347,"column":39}}],"line":347},"44":{"loc":{"start":{"line":347,"column":41},"end":{"line":347,"column":60}},"type":"binary-expr","locations":[{"start":{"line":347,"column":41},"end":{"line":347,"column":45}},{"start":{"line":347,"column":49},"end":{"line":347,"column":60}}],"line":347}},"s":{"0":4,"1":4,"2":4,"3":4,"4":4,"5":4,"6":4,"7":4,"8":4,"9":4,"10":4,"11":4,"12":4,"13":4,"14":4,"15":4,"16":4,"17":4,"18":10,"19":10,"20":10,"21":10,"22":73,"23":73,"24":73,"25":0,"26":73,"27":73,"28":0,"29":73,"30":0,"31":10,"32":10,"33":10,"34":10,"35":10,"36":10,"37":10,"38":10,"39":10,"40":10,"41":10,"42":10,"43":10,"44":2,"45":0,"46":2,"47":2,"48":2,"49":2,"50":2,"51":2,"52":2,"53":1,"54":1,"55":1,"56":1,"57":0,"58":1,"59":0,"60":0,"61":0,"62":0,"63":0,"64":0,"65":0,"66":0,"67":0,"68":9,"69":9,"70":1,"71":1,"72":9,"73":9,"74":0,"75":9,"76":97,"77":97,"78":97,"79":85,"80":85,"81":12,"82":12,"83":12,"84":0,"85":0,"86":0,"87":0,"88":0,"89":9,"90":32,"91":32,"92":32,"93":0,"94":32,"95":32,"96":32,"97":9,"98":0,"99":0,"100":0,"101":0,"102":0,"103":0,"104":0,"105":0,"106":0,"107":0,"108":0,"109":4},"f":{"0":10,"1":10,"2":73,"3":10,"4":10,"5":2,"6":1,"7":1,"8":0,"9":0,"10":0,"11":9,"12":1,"13":9,"14":97,"15":32,"16":0},"b":{"0":[0,73],"1":[73,73],"2":[65,8],"3":[0,73],"4":[10,0,0,0],"5":[0],"6":[0,10],"7":[0],"8":[10,10],"9":[0,10],"10":[10,0,0],"11":[0,2],"12":[2,0],"13":[2,2],"14":[1,1],"15":[0],"16":[0,1],"17":[1,1],"18":[0,0],"19":[0,0],"20":[0,0],"21":[0],"22":[0],"23":[0,0],"24":[0,0],"25":[0,0],"26":[0,9],"27":[9,0],"28":[97,0],"29":[85,12],"30":[97,97],"31":[85,0],"32":[12,0],"33":[12,0],"34":[0,0],"35":[32,0],"36":[32,0],"37":[0],"38":[0],"39":[0,0],"40":[0,0],"41":[0,0],"42":[0,0],"43":[0,0],"44":[0,0]},"_coverageSchema":"43e27e138ebf9cfc5966b082cf9a028302ed4184","hash":"04894c8eca3559b3bc1d443d962462fe68aa543d"}
,"/Users/soneill/Projects/node-fhir-server-core/packages/node-fhir-server-core/src/server/service.mock.js": {"path":"/Users/soneill/Projects/node-fhir-server-core/packages/node-fhir-server-core/src/server/service.mock.js","statementMap":{"0":{"start":{"line":1,"column":20},"end":{"line":1,"column":54}},"1":{"start":{"line":2,"column":22},"end":{"line":2,"column":45}},"2":{"start":{"line":4,"column":13},"end":{"line":4,"column":37}},"3":{"start":{"line":6,"column":21},"end":{"line":17,"column":2}},"4":{"start":{"line":6,"column":33},"end":{"line":17,"column":1}},"5":{"start":{"line":19,"column":0},"end":{"line":23,"column":2}},"6":{"start":{"line":20,"column":15},"end":{"line":20,"column":76}},"7":{"start":{"line":21,"column":1},"end":{"line":21,"column":22}},"8":{"start":{"line":22,"column":1},"end":{"line":22,"column":55}},"9":{"start":{"line":25,"column":0},"end":{"line":29,"column":2}},"10":{"start":{"line":26,"column":15},"end":{"line":26,"column":87}},"11":{"start":{"line":27,"column":1},"end":{"line":27,"column":22}},"12":{"start":{"line":28,"column":1},"end":{"line":28,"column":55}},"13":{"start":{"line":31,"column":0},"end":{"line":35,"column":2}},"14":{"start":{"line":32,"column":15},"end":{"line":32,"column":80}},"15":{"start":{"line":33,"column":1},"end":{"line":33,"column":22}},"16":{"start":{"line":34,"column":1},"end":{"line":34,"column":55}},"17":{"start":{"line":37,"column":0},"end":{"line":41,"column":2}},"18":{"start":{"line":38,"column":15},"end":{"line":38,"column":76}},"19":{"start":{"line":39,"column":1},"end":{"line":39,"column":22}},"20":{"start":{"line":40,"column":1},"end":{"line":40,"column":55}},"21":{"start":{"line":43,"column":0},"end":{"line":47,"column":2}},"22":{"start":{"line":44,"column":15},"end":{"line":44,"column":76}},"23":{"start":{"line":45,"column":1},"end":{"line":45,"column":22}},"24":{"start":{"line":46,"column":1},"end":{"line":46,"column":55}},"25":{"start":{"line":49,"column":0},"end":{"line":53,"column":2}},"26":{"start":{"line":50,"column":15},"end":{"line":50,"column":76}},"27":{"start":{"line":51,"column":1},"end":{"line":51,"column":22}},"28":{"start":{"line":52,"column":1},"end":{"line":52,"column":55}},"29":{"start":{"line":55,"column":0},"end":{"line":59,"column":2}},"30":{"start":{"line":56,"column":15},"end":{"line":56,"column":75}},"31":{"start":{"line":57,"column":1},"end":{"line":57,"column":22}},"32":{"start":{"line":58,"column":1},"end":{"line":58,"column":55}},"33":{"start":{"line":61,"column":0},"end":{"line":65,"column":2}},"34":{"start":{"line":62,"column":15},"end":{"line":62,"column":77}},"35":{"start":{"line":63,"column":1},"end":{"line":63,"column":22}},"36":{"start":{"line":64,"column":1},"end":{"line":64,"column":55}},"37":{"start":{"line":67,"column":0},"end":{"line":71,"column":2}},"38":{"start":{"line":68,"column":15},"end":{"line":68,"column":81}},"39":{"start":{"line":69,"column":1},"end":{"line":69,"column":22}},"40":{"start":{"line":70,"column":1},"end":{"line":70,"column":55}},"41":{"start":{"line":73,"column":0},"end":{"line":77,"column":2}},"42":{"start":{"line":74,"column":15},"end":{"line":74,"column":80}},"43":{"start":{"line":75,"column":1},"end":{"line":75,"column":22}},"44":{"start":{"line":76,"column":1},"end":{"line":76,"column":55}}},"fnMap":{"0":{"name":"(anonymous_0)","decl":{"start":{"line":6,"column":21},"end":{"line":6,"column":22}},"loc":{"start":{"line":6,"column":33},"end":{"line":17,"column":1}},"line":6},"1":{"name":"(anonymous_1)","decl":{"start":{"line":19,"column":24},"end":{"line":19,"column":25}},"loc":{"start":{"line":19,"column":51},"end":{"line":23,"column":1}},"line":19},"2":{"name":"(anonymous_2)","decl":{"start":{"line":25,"column":35},"end":{"line":25,"column":36}},"loc":{"start":{"line":25,"column":62},"end":{"line":29,"column":1}},"line":25},"3":{"name":"(anonymous_3)","decl":{"start":{"line":31,"column":28},"end":{"line":31,"column":29}},"loc":{"start":{"line":31,"column":55},"end":{"line":35,"column":1}},"line":31},"4":{"name":"(anonymous_4)","decl":{"start":{"line":37,"column":24},"end":{"line":37,"column":25}},"loc":{"start":{"line":37,"column":51},"end":{"line":41,"column":1}},"line":37},"5":{"name":"(anonymous_5)","decl":{"start":{"line":43,"column":24},"end":{"line":43,"column":25}},"loc":{"start":{"line":43,"column":51},"end":{"line":47,"column":1}},"line":43},"6":{"name":"(anonymous_6)","decl":{"start":{"line":49,"column":24},"end":{"line":49,"column":25}},"loc":{"start":{"line":49,"column":51},"end":{"line":53,"column":1}},"line":49},"7":{"name":"(anonymous_7)","decl":{"start":{"line":55,"column":23},"end":{"line":55,"column":24}},"loc":{"start":{"line":55,"column":50},"end":{"line":59,"column":1}},"line":55},"8":{"name":"(anonymous_8)","decl":{"start":{"line":61,"column":25},"end":{"line":61,"column":26}},"loc":{"start":{"line":61,"column":52},"end":{"line":65,"column":1}},"line":61},"9":{"name":"(anonymous_9)","decl":{"start":{"line":67,"column":29},"end":{"line":67,"column":30}},"loc":{"start":{"line":67,"column":56},"end":{"line":71,"column":1}},"line":67},"10":{"name":"(anonymous_10)","decl":{"start":{"line":73,"column":28},"end":{"line":73,"column":29}},"loc":{"start":{"line":73,"column":55},"end":{"line":77,"column":1}},"line":73}},"branchMap":{},"s":{"0":4,"1":4,"2":4,"3":4,"4":12,"5":4,"6":3,"7":3,"8":3,"9":4,"10":1,"11":1,"12":1,"13":4,"14":1,"15":1,"16":1,"17":4,"18":2,"19":2,"20":2,"21":4,"22":1,"23":1,"24":1,"25":4,"26":1,"27":1,"28":1,"29":4,"30":1,"31":1,"32":1,"33":4,"34":1,"35":1,"36":1,"37":4,"38":1,"39":1,"40":1,"41":4,"42":0,"43":0,"44":0},"f":{"0":12,"1":3,"2":1,"3":1,"4":2,"5":1,"6":1,"7":1,"8":1,"9":1,"10":0},"b":{},"_coverageSchema":"43e27e138ebf9cfc5966b082cf9a028302ed4184","hash":"0cb2531ae39aefaa22b38943024576f3c0abcd83"}
,"/Users/soneill/Projects/node-fhir-server-core/packages/node-fhir-server-core/src/server/winston.js": {"path":"/Users/soneill/Projects/node-fhir-server-core/packages/node-fhir-server-core/src/server/winston.js","statementMap":{"0":{"start":{"line":1,"column":34},"end":{"line":1,"column":52}},"1":{"start":{"line":12,"column":18},"end":{"line":12,"column":33}},"2":{"start":{"line":28,"column":12},"end":{"line":28,"column":71}},"3":{"start":{"line":28,"column":43},"end":{"line":28,"column":71}},"4":{"start":{"line":34,"column":19},"end":{"line":54,"column":1}},"5":{"start":{"line":35,"column":17},"end":{"line":39,"column":3}},"6":{"start":{"line":43,"column":1},"end":{"line":53,"column":2}},"7":{"start":{"line":44,"column":15},"end":{"line":44,"column":39}},"8":{"start":{"line":46,"column":2},"end":{"line":48,"column":3}},"9":{"start":{"line":47,"column":3},"end":{"line":47,"column":25}},"10":{"start":{"line":50,"column":2},"end":{"line":52,"column":5}},"11":{"start":{"line":56,"column":0},"end":{"line":61,"column":2}}},"fnMap":{"0":{"name":"(anonymous_0)","decl":{"start":{"line":28,"column":12},"end":{"line":28,"column":13}},"loc":{"start":{"line":28,"column":43},"end":{"line":28,"column":71}},"line":28},"1":{"name":"(anonymous_1)","decl":{"start":{"line":34,"column":19},"end":{"line":34,"column":20}},"loc":{"start":{"line":34,"column":36},"end":{"line":54,"column":1}},"line":34}},"branchMap":{"0":{"loc":{"start":{"line":28,"column":13},"end":{"line":28,"column":29}},"type":"default-arg","locations":[{"start":{"line":28,"column":20},"end":{"line":28,"column":29}}],"line":28},"1":{"loc":{"start":{"line":34,"column":20},"end":{"line":34,"column":31}},"type":"default-arg","locations":[{"start":{"line":34,"column":29},"end":{"line":34,"column":31}}],"line":34},"2":{"loc":{"start":{"line":43,"column":1},"end":{"line":53,"column":2}},"type":"if","locations":[{"start":{"line":43,"column":1},"end":{"line":53,"column":2}},{"start":{"line":43,"column":1},"end":{"line":53,"column":2}}],"line":43},"3":{"loc":{"start":{"line":46,"column":2},"end":{"line":48,"column":3}},"type":"if","locations":[{"start":{"line":46,"column":2},"end":{"line":48,"column":3}},{"start":{"line":46,"column":2},"end":{"line":48,"column":3}}],"line":46}},"s":{"0":5,"1":5,"2":5,"3":19,"4":5,"5":10,"6":10,"7":10,"8":10,"9":4,"10":0,"11":5},"f":{"0":19,"1":10},"b":{"0":[0],"1":[0],"2":[10,0],"3":[4,6]},"_coverageSchema":"43e27e138ebf9cfc5966b082cf9a028302ed4184","hash":"b902e09481f39c0e68f9cf151ff38663e9966359"}
,"/Users/soneill/Projects/node-fhir-server-core/packages/node-fhir-server-core/src/server/base/base.config.js": {"path":"/Users/soneill/Projects/node-fhir-server-core/packages/node-fhir-server-core/src/server/base/base.config.js","statementMap":{"0":{"start":{"line":1,"column":19},"end":{"line":1,"column":50}},"1":{"start":{"line":4,"column":13},"end":{"line":32,"column":1}},"2":{"start":{"line":38,"column":0},"end":{"line":40,"column":2}}},"fnMap":{},"branchMap":{},"s":{"0":4,"1":4,"2":4},"f":{},"b":{},"_coverageSchema":"43e27e138ebf9cfc5966b082cf9a028302ed4184","hash":"4828ca7795999794dea475ab599cb5d648bb086a"}
,"/Users/soneill/Projects/node-fhir-server-core/packages/node-fhir-server-core/src/server/base/base.controller.js": {"path":"/Users/soneill/Projects/node-fhir-server-core/packages/node-fhir-server-core/src/server/base/base.controller.js","statementMap":{"0":{"start":{"line":1,"column":16},"end":{"line":1,"column":44}},"1":{"start":{"line":7,"column":0},"end":{"line":14,"column":2}},"2":{"start":{"line":8,"column":4},"end":{"line":13,"column":6}},"3":{"start":{"line":9,"column":8},"end":{"line":12,"column":37}},"4":{"start":{"line":11,"column":28},"end":{"line":11,"column":56}},"5":{"start":{"line":12,"column":26},"end":{"line":12,"column":35}},"6":{"start":{"line":20,"column":0},"end":{"line":27,"column":2}},"7":{"start":{"line":21,"column":4},"end":{"line":26,"column":6}},"8":{"start":{"line":22,"column":8},"end":{"line":25,"column":37}},"9":{"start":{"line":24,"column":28},"end":{"line":24,"column":56}},"10":{"start":{"line":25,"column":26},"end":{"line":25,"column":35}}},"fnMap":{"0":{"name":"(anonymous_0)","decl":{"start":{"line":7,"column":23},"end":{"line":7,"column":24}},"loc":{"start":{"line":7,"column":29},"end":{"line":14,"column":1}},"line":7},"1":{"name":"(anonymous_1)","decl":{"start":{"line":8,"column":11},"end":{"line":8,"column":12}},"loc":{"start":{"line":8,"column":31},"end":{"line":13,"column":5}},"line":8},"2":{"name":"(anonymous_2)","decl":{"start":{"line":11,"column":18},"end":{"line":11,"column":19}},"loc":{"start":{"line":11,"column":28},"end":{"line":11,"column":56}},"line":11},"3":{"name":"(anonymous_3)","decl":{"start":{"line":12,"column":19},"end":{"line":12,"column":20}},"loc":{"start":{"line":12,"column":26},"end":{"line":12,"column":35}},"line":12},"4":{"name":"(anonymous_4)","decl":{"start":{"line":20,"column":29},"end":{"line":20,"column":30}},"loc":{"start":{"line":20,"column":35},"end":{"line":27,"column":1}},"line":20},"5":{"name":"(anonymous_5)","decl":{"start":{"line":21,"column":11},"end":{"line":21,"column":12}},"loc":{"start":{"line":21,"column":31},"end":{"line":26,"column":5}},"line":21},"6":{"name":"(anonymous_6)","decl":{"start":{"line":24,"column":18},"end":{"line":24,"column":19}},"loc":{"start":{"line":24,"column":28},"end":{"line":24,"column":56}},"line":24},"7":{"name":"(anonymous_7)","decl":{"start":{"line":25,"column":19},"end":{"line":25,"column":20}},"loc":{"start":{"line":25,"column":26},"end":{"line":25,"column":35}},"line":25}},"branchMap":{},"s":{"0":4,"1":4,"2":0,"3":0,"4":0,"5":0,"6":4,"7":0,"8":0,"9":0,"10":0},"f":{"0":0,"1":0,"2":0,"3":0,"4":0,"5":0,"6":0,"7":0},"b":{},"_coverageSchema":"43e27e138ebf9cfc5966b082cf9a028302ed4184","hash":"cac69db22e45a8b95c89d7e33b6a88f1b81582a3"}
,"/Users/soneill/Projects/node-fhir-server-core/packages/node-fhir-server-core/src/server/base/base.service.js": {"path":"/Users/soneill/Projects/node-fhir-server-core/packages/node-fhir-server-core/src/server/base/base.service.js","statementMap":{"0":{"start":{"line":1,"column":22},"end":{"line":1,"column":46}},"1":{"start":{"line":2,"column":13},"end":{"line":2,"column":37}},"2":{"start":{"line":3,"column":13},"end":{"line":3,"column":28}},"3":{"start":{"line":4,"column":16},"end":{"line":4,"column":37}},"4":{"start":{"line":5,"column":15},"end":{"line":5,"column":46}},"5":{"start":{"line":7,"column":25},"end":{"line":29,"column":1}},"6":{"start":{"line":8,"column":15},"end":{"line":8,"column":68}},"7":{"start":{"line":9,"column":19},"end":{"line":9,"column":76}},"8":{"start":{"line":10,"column":20},"end":{"line":10,"column":78}},"9":{"start":{"line":11,"column":17},"end":{"line":14,"column":4}},"10":{"start":{"line":16,"column":15},"end":{"line":16,"column":57}},"11":{"start":{"line":17,"column":16},"end":{"line":17,"column":18}},"12":{"start":{"line":18,"column":2},"end":{"line":25,"column":5}},"13":{"start":{"line":19,"column":4},"end":{"line":24,"column":6}},"14":{"start":{"line":26,"column":2},"end":{"line":26,"column":25}},"15":{"start":{"line":27,"column":2},"end":{"line":27,"column":32}},"16":{"start":{"line":28,"column":2},"end":{"line":28,"column":16}},"17":{"start":{"line":30,"column":0},"end":{"line":77,"column":5}},"18":{"start":{"line":31,"column":2},"end":{"line":77,"column":4}},"19":{"start":{"line":32,"column":4},"end":{"line":32,"column":34}},"20":{"start":{"line":33,"column":49},"end":{"line":33,"column":57}},"21":{"start":{"line":34,"column":40},"end":{"line":34,"column":50}},"22":{"start":{"line":35,"column":4},"end":{"line":39,"column":5}},"23":{"start":{"line":36,"column":6},"end":{"line":38,"column":8}},"24":{"start":{"line":40,"column":4},"end":{"line":42,"column":5}},"25":{"start":{"line":41,"column":6},"end":{"line":41,"column":103}},"26":{"start":{"line":43,"column":32},"end":{"line":43,"column":35}},"27":{"start":{"line":45,"column":26},"end":{"line":45,"column":28}},"28":{"start":{"line":46,"column":18},"end":{"line":46,"column":20}},"29":{"start":{"line":47,"column":4},"end":{"line":67,"column":7}},"30":{"start":{"line":48,"column":28},"end":{"line":48,"column":41}},"31":{"start":{"line":49,"column":21},"end":{"line":49,"column":35}},"32":{"start":{"line":50,"column":27},"end":{"line":50,"column":100}},"33":{"start":{"line":51,"column":6},"end":{"line":54,"column":9}},"34":{"start":{"line":56,"column":6},"end":{"line":66,"column":8}},"35":{"start":{"line":58,"column":10},"end":{"line":62,"column":12}},"36":{"start":{"line":64,"column":10},"end":{"line":64,"column":21}},"37":{"start":{"line":69,"column":4},"end":{"line":76,"column":7}},"38":{"start":{"line":70,"column":6},"end":{"line":72,"column":7}},"39":{"start":{"line":70,"column":19},"end":{"line":70,"column":20}},"40":{"start":{"line":71,"column":8},"end":{"line":71,"column":48}},"41":{"start":{"line":74,"column":26},"end":{"line":74,"column":78}},"42":{"start":{"line":75,"column":6},"end":{"line":75,"column":29}},"43":{"start":{"line":79,"column":0},"end":{"line":124,"column":5}},"44":{"start":{"line":80,"column":2},"end":{"line":124,"column":4}},"45":{"start":{"line":81,"column":4},"end":{"line":81,"column":40}},"46":{"start":{"line":82,"column":49},"end":{"line":82,"column":57}},"47":{"start":{"line":83,"column":40},"end":{"line":83,"column":50}},"48":{"start":{"line":84,"column":4},"end":{"line":88,"column":5}},"49":{"start":{"line":85,"column":6},"end":{"line":87,"column":8}},"50":{"start":{"line":89,"column":4},"end":{"line":91,"column":5}},"51":{"start":{"line":90,"column":6},"end":{"line":90,"column":109}},"52":{"start":{"line":92,"column":32},"end":{"line":92,"column":35}},"53":{"start":{"line":94,"column":26},"end":{"line":94,"column":28}},"54":{"start":{"line":95,"column":18},"end":{"line":95,"column":20}},"55":{"start":{"line":96,"column":4},"end":{"line":115,"column":7}},"56":{"start":{"line":97,"column":28},"end":{"line":97,"column":41}},"57":{"start":{"line":98,"column":21},"end":{"line":98,"column":35}},"58":{"start":{"line":99,"column":27},"end":{"line":99,"column":100}},"59":{"start":{"line":100,"column":6},"end":{"line":103,"column":9}},"60":{"start":{"line":104,"column":6},"end":{"line":114,"column":8}},"61":{"start":{"line":106,"column":10},"end":{"line":110,"column":12}},"62":{"start":{"line":112,"column":10},"end":{"line":112,"column":21}},"63":{"start":{"line":117,"column":4},"end":{"line":123,"column":7}},"64":{"start":{"line":118,"column":6},"end":{"line":120,"column":7}},"65":{"start":{"line":118,"column":19},"end":{"line":118,"column":20}},"66":{"start":{"line":119,"column":8},"end":{"line":119,"column":48}},"67":{"start":{"line":121,"column":26},"end":{"line":121,"column":84}},"68":{"start":{"line":122,"column":6},"end":{"line":122,"column":29}}},"fnMap":{"0":{"name":"(anonymous_0)","decl":{"start":{"line":7,"column":25},"end":{"line":7,"column":26}},"loc":{"start":{"line":7,"column":62},"end":{"line":29,"column":1}},"line":7},"1":{"name":"(anonymous_1)","decl":{"start":{"line":18,"column":18},"end":{"line":18,"column":19}},"loc":{"start":{"line":18,"column":28},"end":{"line":25,"column":3}},"line":18},"2":{"name":"(anonymous_2)","decl":{"start":{"line":30,"column":23},"end":{"line":30,"column":24}},"loc":{"start":{"line":31,"column":2},"end":{"line":77,"column":4}},"line":31},"3":{"name":"(anonymous_3)","decl":{"start":{"line":31,"column":14},"end":{"line":31,"column":15}},"loc":{"start":{"line":31,"column":35},"end":{"line":77,"column":3}},"line":31},"4":{"name":"(anonymous_4)","decl":{"start":{"line":47,"column":20},"end":{"line":47,"column":21}},"loc":{"start":{"line":47,"column":29},"end":{"line":67,"column":5}},"line":47},"5":{"name":"(anonymous_5)","decl":{"start":{"line":57,"column":20},"end":{"line":57,"column":21}},"loc":{"start":{"line":57,"column":31},"end":{"line":63,"column":9}},"line":57},"6":{"name":"(anonymous_6)","decl":{"start":{"line":63,"column":17},"end":{"line":63,"column":18}},"loc":{"start":{"line":63,"column":24},"end":{"line":65,"column":9}},"line":63},"7":{"name":"(anonymous_7)","decl":{"start":{"line":69,"column":45},"end":{"line":69,"column":46}},"loc":{"start":{"line":69,"column":58},"end":{"line":76,"column":5}},"line":69},"8":{"name":"(anonymous_8)","decl":{"start":{"line":79,"column":29},"end":{"line":79,"column":30}},"loc":{"start":{"line":80,"column":2},"end":{"line":124,"column":4}},"line":80},"9":{"name":"(anonymous_9)","decl":{"start":{"line":80,"column":14},"end":{"line":80,"column":15}},"loc":{"start":{"line":80,"column":35},"end":{"line":124,"column":3}},"line":80},"10":{"name":"(anonymous_10)","decl":{"start":{"line":96,"column":20},"end":{"line":96,"column":21}},"loc":{"start":{"line":96,"column":29},"end":{"line":115,"column":5}},"line":96},"11":{"name":"(anonymous_11)","decl":{"start":{"line":105,"column":20},"end":{"line":105,"column":21}},"loc":{"start":{"line":105,"column":31},"end":{"line":111,"column":9}},"line":105},"12":{"name":"(anonymous_12)","decl":{"start":{"line":111,"column":17},"end":{"line":111,"column":18}},"loc":{"start":{"line":111,"column":24},"end":{"line":113,"column":9}},"line":111},"13":{"name":"(anonymous_13)","decl":{"start":{"line":117,"column":45},"end":{"line":117,"column":46}},"loc":{"start":{"line":117,"column":58},"end":{"line":123,"column":5}},"line":117}},"branchMap":{"0":{"loc":{"start":{"line":35,"column":4},"end":{"line":39,"column":5}},"type":"if","locations":[{"start":{"line":35,"column":4},"end":{"line":39,"column":5}},{"start":{"line":35,"column":4},"end":{"line":39,"column":5}}],"line":35},"1":{"loc":{"start":{"line":40,"column":4},"end":{"line":42,"column":5}},"type":"if","locations":[{"start":{"line":40,"column":4},"end":{"line":42,"column":5}},{"start":{"line":40,"column":4},"end":{"line":42,"column":5}}],"line":40},"2":{"loc":{"start":{"line":84,"column":4},"end":{"line":88,"column":5}},"type":"if","locations":[{"start":{"line":84,"column":4},"end":{"line":88,"column":5}},{"start":{"line":84,"column":4},"end":{"line":88,"column":5}}],"line":84},"3":{"loc":{"start":{"line":89,"column":4},"end":{"line":91,"column":5}},"type":"if","locations":[{"start":{"line":89,"column":4},"end":{"line":91,"column":5}},{"start":{"line":89,"column":4},"end":{"line":91,"column":5}}],"line":89}},"s":{"0":4,"1":4,"2":4,"3":4,"4":4,"5":4,"6":0,"7":0,"8":0,"9":0,"10":0,"11":0,"12":0,"13":0,"14":0,"15":0,"16":0,"17":4,"18":0,"19":0,"20":0,"21":0,"22":0,"23":0,"24":0,"25":0,"26":0,"27":0,"28":0,"29":0,"30":0,"31":0,"32":0,"33":0,"34":0,"35":0,"36":0,"37":0,"38":0,"39":0,"40":0,"41":0,"42":0,"43":4,"44":0,"45":0,"46":0,"47":0,"48":0,"49":0,"50":0,"51":0,"52":0,"53":0,"54":0,"55":0,"56":0,"57":0,"58":0,"59":0,"60":0,"61":0,"62":0,"63":0,"64":0,"65":0,"66":0,"67":0,"68":0},"f":{"0":0,"1":0,"2":0,"3":0,"4":0,"5":0,"6":0,"7":0,"8":0,"9":0,"10":0,"11":0,"12":0,"13":0},"b":{"0":[0,0],"1":[0,0],"2":[0,0],"3":[0,0]},"_coverageSchema":"43e27e138ebf9cfc5966b082cf9a028302ed4184","hash":"c8925c6507dfea6e4b5944abe17a51dd5acc9e20"}
,"/Users/soneill/Projects/node-fhir-server-core/packages/node-fhir-server-core/src/server/metadata/capability.3_0_1.js": {"path":"/Users/soneill/Projects/node-fhir-server-core/packages/node-fhir-server-core/src/server/metadata/capability.3_0_1.js","statementMap":{"0":{"start":{"line":1,"column":15},"end":{"line":1,"column":41}},"1":{"start":{"line":2,"column":26},"end":{"line":2,"column":58}},"2":{"start":{"line":7,"column":37},"end":{"line":9,"column":1}},"3":{"start":{"line":8,"column":1},"end":{"line":8,"column":54}},"4":{"start":{"line":11,"column":0},"end":{"line":33,"column":2}},"5":{"start":{"line":12,"column":27},"end":{"line":12,"column":59}},"6":{"start":{"line":14,"column":1},"end":{"line":32,"column":4}},"7":{"start":{"line":39,"column":0},"end":{"line":58,"column":3}},"8":{"start":{"line":39,"column":52},"end":{"line":58,"column":1}}},"fnMap":{"0":{"name":"(anonymous_0)","decl":{"start":{"line":7,"column":37},"end":{"line":7,"column":38}},"loc":{"start":{"line":7,"column":43},"end":{"line":9,"column":1}},"line":7},"1":{"name":"(anonymous_1)","decl":{"start":{"line":11,"column":31},"end":{"line":11,"column":32}},"loc":{"start":{"line":11,"column":51},"end":{"line":33,"column":1}},"line":11},"2":{"name":"(anonymous_2)","decl":{"start":{"line":39,"column":35},"end":{"line":39,"column":36}},"loc":{"start":{"line":39,"column":52},"end":{"line":58,"column":1}},"line":39}},"branchMap":{},"s":{"0":1,"1":1,"2":1,"3":5,"4":1,"5":5,"6":5,"7":1,"8":5},"f":{"0":5,"1":5,"2":5},"b":{},"_coverageSchema":"43e27e138ebf9cfc5966b082cf9a028302ed4184","hash":"fd0cb8f47b42361c3e2a1fc2dc28a9e79f526aad"}
,"/Users/soneill/Projects/node-fhir-server-core/packages/node-fhir-server-core/src/server/metadata/capability.template.js": {"path":"/Users/soneill/Projects/node-fhir-server-core/packages/node-fhir-server-core/src/server/metadata/capability.template.js","statementMap":{"0":{"start":{"line":1,"column":28},"end":{"line":1,"column":65}},"1":{"start":{"line":2,"column":26},"end":{"line":2,"column":58}},"2":{"start":{"line":8,"column":0},"end":{"line":23,"column":2}},"3":{"start":{"line":10,"column":21},"end":{"line":10,"column":54}},"4":{"start":{"line":11,"column":17},"end":{"line":11,"column":48}},"5":{"start":{"line":14,"column":2},"end":{"line":21,"column":4}}},"fnMap":{"0":{"name":"(anonymous_0)","decl":{"start":{"line":9,"column":11},"end":{"line":9,"column":12}},"loc":{"start":{"line":9,"column":33},"end":{"line":22,"column":2}},"line":9}},"branchMap":{},"s":{"0":5,"1":5,"2":5,"3":40,"4":40,"5":40},"f":{"0":40},"b":{},"_coverageSchema":"43e27e138ebf9cfc5966b082cf9a028302ed4184","hash":"1c72666b77c330cf4998bd2ff411cb9b470c4e7c"}
,"/Users/soneill/Projects/node-fhir-server-core/packages/node-fhir-server-core/src/server/metadata/metadata.config.js": {"path":"/Users/soneill/Projects/node-fhir-server-core/packages/node-fhir-server-core/src/server/metadata/metadata.config.js","statementMap":{"0":{"start":{"line":1,"column":19},"end":{"line":1,"column":54}},"1":{"start":{"line":2,"column":33},"end":{"line":2,"column":62}},"2":{"start":{"line":4,"column":12},"end":{"line":12,"column":1}},"3":{"start":{"line":18,"column":0},"end":{"line":20,"column":2}}},"fnMap":{},"branchMap":{},"s":{"0":5,"1":5,"2":5,"3":5},"f":{},"b":{},"_coverageSchema":"43e27e138ebf9cfc5966b082cf9a028302ed4184","hash":"16e3975a7bc0c2776b2ebf72022ad88f960e2f5f"}
,"/Users/soneill/Projects/node-fhir-server-core/packages/node-fhir-server-core/src/server/metadata/metadata.controller.js": {"path":"/Users/soneill/Projects/node-fhir-server-core/packages/node-fhir-server-core/src/server/metadata/metadata.controller.js","statementMap":{"0":{"start":{"line":1,"column":16},"end":{"line":1,"column":48}},"1":{"start":{"line":7,"column":0},"end":{"line":15,"column":2}},"2":{"start":{"line":8,"column":1},"end":{"line":14,"column":3}},"3":{"start":{"line":10,"column":2},"end":{"line":13,"column":28}},"4":{"start":{"line":12,"column":22},"end":{"line":12,"column":53}},"5":{"start":{"line":13,"column":17},"end":{"line":13,"column":26}}},"fnMap":{"0":{"name":"(anonymous_0)","decl":{"start":{"line":7,"column":40},"end":{"line":7,"column":41}},"loc":{"start":{"line":7,"column":56},"end":{"line":15,"column":1}},"line":7},"1":{"name":"(anonymous_1)","decl":{"start":{"line":8,"column":8},"end":{"line":8,"column":9}},"loc":{"start":{"line":8,"column":28},"end":{"line":14,"column":2}},"line":8},"2":{"name":"(anonymous_2)","decl":{"start":{"line":12,"column":9},"end":{"line":12,"column":10}},"loc":{"start":{"line":12,"column":22},"end":{"line":12,"column":53}},"line":12},"3":{"name":"(anonymous_3)","decl":{"start":{"line":13,"column":10},"end":{"line":13,"column":11}},"loc":{"start":{"line":13,"column":17},"end":{"line":13,"column":26}},"line":13}},"branchMap":{},"s":{"0":5,"1":5,"2":20,"3":7,"4":7,"5":0},"f":{"0":20,"1":7,"2":7,"3":0},"b":{},"_coverageSchema":"43e27e138ebf9cfc5966b082cf9a028302ed4184","hash":"22300eeb8b72ae7ca167064f322753816608993e"}
,"/Users/soneill/Projects/node-fhir-server-core/packages/node-fhir-server-core/src/server/metadata/metadata.interactions.js": {"path":"/Users/soneill/Projects/node-fhir-server-core/packages/node-fhir-server-core/src/server/metadata/metadata.interactions.js","statementMap":{"0":{"start":{"line":5,"column":26},"end":{"line":5,"column":28}},"1":{"start":{"line":6,"column":27},"end":{"line":55,"column":1}},"2":{"start":{"line":8,"column":1},"end":{"line":10,"column":2}},"3":{"start":{"line":9,"column":2},"end":{"line":9,"column":43}},"4":{"start":{"line":12,"column":20},"end":{"line":12,"column":22}},"5":{"start":{"line":15,"column":1},"end":{"line":17,"column":2}},"6":{"start":{"line":16,"column":2},"end":{"line":16,"column":45}},"7":{"start":{"line":19,"column":1},"end":{"line":21,"column":2}},"8":{"start":{"line":20,"column":2},"end":{"line":20,"column":38}},"9":{"start":{"line":23,"column":1},"end":{"line":25,"column":2}},"10":{"start":{"line":24,"column":2},"end":{"line":24,"column":39}},"11":{"start":{"line":27,"column":1},"end":{"line":29,"column":2}},"12":{"start":{"line":28,"column":2},"end":{"line":28,"column":40}},"13":{"start":{"line":31,"column":1},"end":{"line":33,"column":2}},"14":{"start":{"line":32,"column":2},"end":{"line":32,"column":40}},"15":{"start":{"line":35,"column":1},"end":{"line":37,"column":2}},"16":{"start":{"line":36,"column":2},"end":{"line":36,"column":40}},"17":{"start":{"line":39,"column":1},"end":{"line":41,"column":2}},"18":{"start":{"line":40,"column":2},"end":{"line":40,"column":46}},"19":{"start":{"line":43,"column":1},"end":{"line":45,"column":2}},"20":{"start":{"line":44,"column":2},"end":{"line":44,"column":50}},"21":{"start":{"line":47,"column":1},"end":{"line":49,"column":2}},"22":{"start":{"line":48,"column":2},"end":{"line":48,"column":40}},"23":{"start":{"line":52,"column":1},"end":{"line":52,"column":50}},"24":{"start":{"line":54,"column":1},"end":{"line":54,"column":21}},"25":{"start":{"line":57,"column":0},"end":{"line":57,"column":38}}},"fnMap":{"0":{"name":"(anonymous_0)","decl":{"start":{"line":6,"column":27},"end":{"line":6,"column":28}},"loc":{"start":{"line":6,"column":54},"end":{"line":55,"column":1}},"line":6}},"branchMap":{"0":{"loc":{"start":{"line":8,"column":1},"end":{"line":10,"column":2}},"type":"if","locations":[{"start":{"line":8,"column":1},"end":{"line":10,"column":2}},{"start":{"line":8,"column":1},"end":{"line":10,"column":2}}],"line":8},"1":{"loc":{"start":{"line":15,"column":1},"end":{"line":17,"column":2}},"type":"if","locations":[{"start":{"line":15,"column":1},"end":{"line":17,"column":2}},{"start":{"line":15,"column":1},"end":{"line":17,"column":2}}],"line":15},"2":{"loc":{"start":{"line":19,"column":1},"end":{"line":21,"column":2}},"type":"if","locations":[{"start":{"line":19,"column":1},"end":{"line":21,"column":2}},{"start":{"line":19,"column":1},"end":{"line":21,"column":2}}],"line":19},"3":{"loc":{"start":{"line":23,"column":1},"end":{"line":25,"column":2}},"type":"if","locations":[{"start":{"line":23,"column":1},"end":{"line":25,"column":2}},{"start":{"line":23,"column":1},"end":{"line":25,"column":2}}],"line":23},"4":{"loc":{"start":{"line":27,"column":1},"end":{"line":29,"column":2}},"type":"if","locations":[{"start":{"line":27,"column":1},"end":{"line":29,"column":2}},{"start":{"line":27,"column":1},"end":{"line":29,"column":2}}],"line":27},"5":{"loc":{"start":{"line":31,"column":1},"end":{"line":33,"column":2}},"type":"if","locations":[{"start":{"line":31,"column":1},"end":{"line":33,"column":2}},{"start":{"line":31,"column":1},"end":{"line":33,"column":2}}],"line":31},"6":{"loc":{"start":{"line":35,"column":1},"end":{"line":37,"column":2}},"type":"if","locations":[{"start":{"line":35,"column":1},"end":{"line":37,"column":2}},{"start":{"line":35,"column":1},"end":{"line":37,"column":2}}],"line":35},"7":{"loc":{"start":{"line":39,"column":1},"end":{"line":41,"column":2}},"type":"if","locations":[{"start":{"line":39,"column":1},"end":{"line":41,"column":2}},{"start":{"line":39,"column":1},"end":{"line":41,"column":2}}],"line":39},"8":{"loc":{"start":{"line":43,"column":1},"end":{"line":45,"column":2}},"type":"if","locations":[{"start":{"line":43,"column":1},"end":{"line":45,"column":2}},{"start":{"line":43,"column":1},"end":{"line":45,"column":2}}],"line":43},"9":{"loc":{"start":{"line":47,"column":1},"end":{"line":49,"column":2}},"type":"if","locations":[{"start":{"line":47,"column":1},"end":{"line":49,"column":2}},{"start":{"line":47,"column":1},"end":{"line":49,"column":2}}],"line":47}},"s":{"0":5,"1":5,"2":56,"3":47,"4":9,"5":9,"6":9,"7":9,"8":9,"9":9,"10":9,"11":9,"12":9,"13":9,"14":9,"15":9,"16":9,"17":9,"18":9,"19":9,"20":9,"21":9,"22":9,"23":9,"24":9,"25":5},"f":{"0":56},"b":{"0":[47,9],"1":[9,0],"2":[9,0],"3":[9,0],"4":[9,0],"5":[9,0],"6":[9,0],"7":[9,0],"8":[9,0],"9":[9,0]},"_coverageSchema":"43e27e138ebf9cfc5966b082cf9a028302ed4184","hash":"57dab7b17a696f0b8f3b10a4a23e1c09298349dc"}
,"/Users/soneill/Projects/node-fhir-server-core/packages/node-fhir-server-core/src/server/metadata/metadata.service.js": {"path":"/Users/soneill/Projects/node-fhir-server-core/packages/node-fhir-server-core/src/server/metadata/metadata.service.js","statementMap":{"0":{"start":{"line":1,"column":29},"end":{"line":1,"column":66}},"1":{"start":{"line":2,"column":28},"end":{"line":2,"column":63}},"2":{"start":{"line":3,"column":18},"end":{"line":3,"column":59}},"3":{"start":{"line":4,"column":15},"end":{"line":4,"column":49}},"4":{"start":{"line":5,"column":22},"end":{"line":5,"column":46}},"5":{"start":{"line":7,"column":13},"end":{"line":7,"column":37}},"6":{"start":{"line":12,"column":29},"end":{"line":18,"column":1}},"7":{"start":{"line":13,"column":1},"end":{"line":17,"column":2}},"8":{"start":{"line":14,"column":2},"end":{"line":14,"column":49}},"9":{"start":{"line":16,"column":2},"end":{"line":16,"column":12}},"10":{"start":{"line":28,"column":34},"end":{"line":116,"column":3}},"11":{"start":{"line":29,"column":1},"end":{"line":116,"column":3}},"12":{"start":{"line":30,"column":2},"end":{"line":30,"column":54}},"13":{"start":{"line":32,"column":31},"end":{"line":32,"column":37}},"14":{"start":{"line":35,"column":16},"end":{"line":35,"column":51}},"15":{"start":{"line":37,"column":13},"end":{"line":37,"column":34}},"16":{"start":{"line":38,"column":24},"end":{"line":48,"column":76}},"17":{"start":{"line":40,"column":4},"end":{"line":46,"column":6}},"18":{"start":{"line":48,"column":22},"end":{"line":48,"column":75}},"19":{"start":{"line":51,"column":25},"end":{"line":55,"column":3}},"20":{"start":{"line":58,"column":45},"end":{"line":60,"column":46}},"21":{"start":{"line":62,"column":2},"end":{"line":65,"column":3}},"22":{"start":{"line":64,"column":3},"end":{"line":64,"column":94}},"23":{"start":{"line":68,"column":25},"end":{"line":70,"column":3}},"24":{"start":{"line":73,"column":2},"end":{"line":75,"column":3}},"25":{"start":{"line":74,"column":3},"end":{"line":74,"column":59}},"26":{"start":{"line":78,"column":19},"end":{"line":93,"column":8}},"27":{"start":{"line":79,"column":24},"end":{"line":79,"column":56}},"28":{"start":{"line":80,"column":3},"end":{"line":90,"column":4}},"29":{"start":{"line":81,"column":4},"end":{"line":89,"column":7}},"30":{"start":{"line":82,"column":16},"end":{"line":87,"column":6}},"31":{"start":{"line":88,"column":5},"end":{"line":88,"column":18}},"32":{"start":{"line":92,"column":3},"end":{"line":92,"column":14}},"33":{"start":{"line":95,"column":2},"end":{"line":97,"column":3}},"34":{"start":{"line":96,"column":3},"end":{"line":96,"column":43}},"35":{"start":{"line":99,"column":27},"end":{"line":99,"column":31}},"36":{"start":{"line":100,"column":2},"end":{"line":112,"column":5}},"37":{"start":{"line":101,"column":3},"end":{"line":105,"column":4}},"38":{"start":{"line":102,"column":4},"end":{"line":102,"column":64}},"39":{"start":{"line":104,"column":4},"end":{"line":104,"column":54}},"40":{"start":{"line":106,"column":18},"end":{"line":108,"column":61}},"41":{"start":{"line":110,"column":3},"end":{"line":110,"column":79}},"42":{"start":{"line":111,"column":3},"end":{"line":111,"column":19}},"43":{"start":{"line":115,"column":2},"end":{"line":115,"column":50}},"44":{"start":{"line":122,"column":0},"end":{"line":124,"column":2}}},"fnMap":{"0":{"name":"(anonymous_0)","decl":{"start":{"line":12,"column":29},"end":{"line":12,"column":30}},"loc":{"start":{"line":12,"column":45},"end":{"line":18,"column":1}},"line":12},"1":{"name":"(anonymous_1)","decl":{"start":{"line":28,"column":34},"end":{"line":28,"column":35}},"loc":{"start":{"line":29,"column":1},"end":{"line":116,"column":3}},"line":29},"2":{"name":"(anonymous_2)","decl":{"start":{"line":29,"column":13},"end":{"line":29,"column":14}},"loc":{"start":{"line":29,"column":34},"end":{"line":116,"column":2}},"line":29},"3":{"name":"(anonymous_3)","decl":{"start":{"line":39,"column":8},"end":{"line":39,"column":9}},"loc":{"start":{"line":39,"column":24},"end":{"line":47,"column":4}},"line":39},"4":{"name":"(anonymous_4)","decl":{"start":{"line":48,"column":11},"end":{"line":48,"column":12}},"loc":{"start":{"line":48,"column":22},"end":{"line":48,"column":75}},"line":48},"5":{"name":"(anonymous_5)","decl":{"start":{"line":78,"column":31},"end":{"line":78,"column":32}},"loc":{"start":{"line":78,"column":54},"end":{"line":93,"column":3}},"line":78},"6":{"name":"(anonymous_6)","decl":{"start":{"line":81,"column":25},"end":{"line":81,"column":26}},"loc":{"start":{"line":81,"column":40},"end":{"line":89,"column":5}},"line":81},"7":{"name":"(anonymous_7)","decl":{"start":{"line":100,"column":50},"end":{"line":100,"column":51}},"loc":{"start":{"line":100,"column":61},"end":{"line":112,"column":3}},"line":100}},"branchMap":{"0":{"loc":{"start":{"line":13,"column":1},"end":{"line":17,"column":2}},"type":"if","locations":[{"start":{"line":13,"column":1},"end":{"line":17,"column":2}},{"start":{"line":13,"column":1},"end":{"line":17,"column":2}}],"line":13},"1":{"loc":{"start":{"line":43,"column":15},"end":{"line":43,"column":72}},"type":"binary-expr","locations":[{"start":{"line":43,"column":15},"end":{"line":43,"column":37}},{"start":{"line":43,"column":41},"end":{"line":43,"column":72}}],"line":43},"2":{"loc":{"start":{"line":44,"column":14},"end":{"line":44,"column":76}},"type":"binary-expr","locations":[{"start":{"line":44,"column":14},"end":{"line":44,"column":36}},{"start":{"line":44,"column":40},"end":{"line":44,"column":76}}],"line":44},"3":{"loc":{"start":{"line":45,"column":15},"end":{"line":45,"column":72}},"type":"binary-expr","locations":[{"start":{"line":45,"column":15},"end":{"line":45,"column":37}},{"start":{"line":45,"column":41},"end":{"line":45,"column":72}}],"line":45},"4":{"loc":{"start":{"line":58,"column":45},"end":{"line":60,"column":46}},"type":"cond-expr","locations":[{"start":{"line":59,"column":5},"end":{"line":59,"column":54}},{"start":{"line":60,"column":5},"end":{"line":60,"column":46}}],"line":58},"5":{"loc":{"start":{"line":62,"column":2},"end":{"line":65,"column":3}},"type":"if","locations":[{"start":{"line":62,"column":2},"end":{"line":65,"column":3}},{"start":{"line":62,"column":2},"end":{"line":65,"column":3}}],"line":62},"6":{"loc":{"start":{"line":62,"column":6},"end":{"line":62,"column":42}},"type":"binary-expr","locations":[{"start":{"line":62,"column":6},"end":{"line":62,"column":20}},{"start":{"line":62,"column":24},"end":{"line":62,"column":42}}],"line":62},"7":{"loc":{"start":{"line":73,"column":2},"end":{"line":75,"column":3}},"type":"if","locations":[{"start":{"line":73,"column":2},"end":{"line":75,"column":3}},{"start":{"line":73,"column":2},"end":{"line":75,"column":3}}],"line":73},"8":{"loc":{"start":{"line":73,"column":6},"end":{"line":73,"column":31}},"type":"binary-expr","locations":[{"start":{"line":73,"column":6},"end":{"line":73,"column":19}},{"start":{"line":73,"column":23},"end":{"line":73,"column":31}}],"line":73},"9":{"loc":{"start":{"line":80,"column":3},"end":{"line":90,"column":4}},"type":"if","locations":[{"start":{"line":80,"column":3},"end":{"line":90,"column":4}},{"start":{"line":80,"column":3},"end":{"line":90,"column":4}}],"line":80},"10":{"loc":{"start":{"line":80,"column":7},"end":{"line":80,"column":42}},"type":"binary-expr","locations":[{"start":{"line":80,"column":7},"end":{"line":80,"column":19}},{"start":{"line":80,"column":23},"end":{"line":80,"column":42}}],"line":80},"11":{"loc":{"start":{"line":85,"column":18},"end":{"line":85,"column":105}},"type":"cond-expr","locations":[{"start":{"line":85,"column":42},"end":{"line":85,"column":63}},{"start":{"line":85,"column":66},"end":{"line":85,"column":105}}],"line":85},"12":{"loc":{"start":{"line":95,"column":2},"end":{"line":97,"column":3}},"type":"if","locations":[{"start":{"line":95,"column":2},"end":{"line":97,"column":3}},{"start":{"line":95,"column":2},"end":{"line":97,"column":3}}],"line":95},"13":{"loc":{"start":{"line":95,"column":6},"end":{"line":95,"column":37}},"type":"binary-expr","locations":[{"start":{"line":95,"column":6},"end":{"line":95,"column":16}},{"start":{"line":95,"column":20},"end":{"line":95,"column":37}}],"line":95},"14":{"loc":{"start":{"line":101,"column":3},"end":{"line":105,"column":4}},"type":"if","locations":[{"start":{"line":101,"column":3},"end":{"line":105,"column":4}},{"start":{"line":101,"column":3},"end":{"line":105,"column":4}}],"line":101},"15":{"loc":{"start":{"line":106,"column":18},"end":{"line":108,"column":61}},"type":"cond-expr","locations":[{"start":{"line":107,"column":6},"end":{"line":107,"column":85}},{"start":{"line":108,"column":6},"end":{"line":108,"column":61}}],"line":106}},"s":{"0":5,"1":5,"2":5,"3":5,"4":5,"5":5,"6":5,"7":5,"8":5,"9":0,"10":5,"11":7,"12":7,"13":7,"14":7,"15":7,"16":7,"17":56,"18":56,"19":7,"20":7,"21":7,"22":0,"23":7,"24":7,"25":7,"26":7,"27":56,"28":56,"29":0,"30":0,"31":0,"32":56,"33":7,"34":0,"35":7,"36":7,"37":56,"38":8,"39":48,"40":56,"41":56,"42":56,"43":7,"44":5},"f":{"0":5,"1":7,"2":7,"3":56,"4":56,"5":56,"6":0,"7":56},"b":{"0":[5,0],"1":[56,56],"2":[56,56],"3":[56,56],"4":[2,5],"5":[0,7],"6":[7,7],"7":[7,0],"8":[7,7],"9":[0,56],"10":[56,0],"11":[0,0],"12":[0,7],"13":[7,7],"14":[8,48],"15":[16,40]},"_coverageSchema":"43e27e138ebf9cfc5966b082cf9a028302ed4184","hash":"44d1110638263779d28ed50bc8db00deb5ac0e14"}
[...]
,"/Users/soneill/Projects/node-fhir-server-core/packages/node-fhir-server-core/src/server/utils/resolve.utils.js": {"path":"/Users/soneill/Projects/node-fhir-server-core/packages/node-fhir-server-core/src/server/utils/resolve.utils.js","statementMap":{"0":{"start":{"line":1,"column":13},"end":{"line":1,"column":28}},"1":{"start":{"line":3,"column":13},"end":{"line":3,"column":42}},"2":{"start":{"line":5,"column":27},"end":{"line":7,"column":1}},"3":{"start":{"line":6,"column":1},"end":{"line":6,"column":70}},"4":{"start":{"line":9,"column":22},"end":{"line":12,"column":1}},"5":{"start":{"line":10,"column":20},"end":{"line":10,"column":40}},"6":{"start":{"line":11,"column":1},"end":{"line":11,"column":80}},"7":{"start":{"line":14,"column":16},"end":{"line":16,"column":1}},"8":{"start":{"line":15,"column":1},"end":{"line":15,"column":39}},"9":{"start":{"line":18,"column":0},"end":{"line":22,"column":2}}},"fnMap":{"0":{"name":"(anonymous_0)","decl":{"start":{"line":5,"column":27},"end":{"line":5,"column":28}},"loc":{"start":{"line":5,"column":70},"end":{"line":7,"column":1}},"line":5},"1":{"name":"(anonymous_1)","decl":{"start":{"line":9,"column":22},"end":{"line":9,"column":23}},"loc":{"start":{"line":9,"column":58},"end":{"line":12,"column":1}},"line":9},"2":{"name":"(anonymous_2)","decl":{"start":{"line":14,"column":16},"end":{"line":14,"column":17}},"loc":{"start":{"line":14,"column":40},"end":{"line":16,"column":1}},"line":14}},"branchMap":{"0":{"loc":{"start":{"line":5,"column":28},"end":{"line":5,"column":45}},"type":"default-arg","locations":[{"start":{"line":5,"column":38},"end":{"line":5,"column":45}}],"line":5},"1":{"loc":{"start":{"line":5,"column":47},"end":{"line":5,"column":65}},"type":"default-arg","locations":[{"start":{"line":5,"column":63},"end":{"line":5,"column":65}}],"line":5},"2":{"loc":{"start":{"line":9,"column":23},"end":{"line":9,"column":40}},"type":"default-arg","locations":[{"start":{"line":9,"column":33},"end":{"line":9,"column":40}}],"line":9},"3":{"loc":{"start":{"line":9,"column":42},"end":{"line":9,"column":53}},"type":"default-arg","locations":[{"start":{"line":9,"column":51},"end":{"line":9,"column":53}}],"line":9},"4":{"loc":{"start":{"line":14,"column":17},"end":{"line":14,"column":35}},"type":"default-arg","locations":[{"start":{"line":14,"column":33},"end":{"line":14,"column":35}}],"line":14}},"s":{"0":1,"1":1,"2":1,"3":3,"4":1,"5":3,"6":3,"7":1,"8":3,"9":1},"f":{"0":3,"1":3,"2":3},"b":{"0":[1],"1":[2],"2":[1],"3":[2],"4":[1]},"_coverageSchema":"43e27e138ebf9cfc5966b082cf9a028302ed4184","hash":"29467da9b48e7bc1579fa98575913b4f481c864c"}
,"/Users/soneill/Projects/node-fhir-server-core/packages/node-fhir-server-core/src/server/utils/sanitize.utils.js": {"path":"/Users/soneill/Projects/node-fhir-server-core/packages/node-fhir-server-core/src/server/utils/sanitize.utils.js","statementMap":{"0":{"start":{"line":1,"column":17},"end":{"line":1,"column":41}},"1":{"start":{"line":2,"column":15},"end":{"line":2,"column":39}},"2":{"start":{"line":3,"column":18},"end":{"line":3,"column":38}},"3":{"start":{"line":4,"column":12},"end":{"line":4,"column":26}},"4":{"start":{"line":6,"column":17},"end":{"line":37,"column":1}},"5":{"start":{"line":8,"column":1},"end":{"line":35,"column":2}},"6":{"start":{"line":10,"column":3},"end":{"line":10,"column":37}},"7":{"start":{"line":11,"column":3},"end":{"line":11,"column":9}},"8":{"start":{"line":13,"column":3},"end":{"line":13,"column":53}},"9":{"start":{"line":14,"column":3},"end":{"line":14,"column":9}},"10":{"start":{"line":16,"column":3},"end":{"line":16,"column":39}},"11":{"start":{"line":17,"column":3},"end":{"line":17,"column":9}},"12":{"start":{"line":26,"column":3},"end":{"line":26,"column":53}},"13":{"start":{"line":27,"column":3},"end":{"line":27,"column":9}},"14":{"start":{"line":29,"column":3},"end":{"line":29,"column":30}},"15":{"start":{"line":30,"column":3},"end":{"line":30,"column":9}},"16":{"start":{"line":33,"column":3},"end":{"line":33,"column":18}},"17":{"start":{"line":34,"column":3},"end":{"line":34,"column":9}},"18":{"start":{"line":36,"column":1},"end":{"line":36,"column":15}},"19":{"start":{"line":39,"column":19},"end":{"line":63,"column":1}},"20":{"start":{"line":41,"column":1},"end":{"line":61,"column":2}},"21":{"start":{"line":43,"column":3},"end":{"line":43,"column":62}},"22":{"start":{"line":44,"column":3},"end":{"line":44,"column":9}},"23":{"start":{"line":46,"column":3},"end":{"line":46,"column":39}},"24":{"start":{"line":47,"column":3},"end":{"line":47,"column":9}},"25":{"start":{"line":53,"column":3},"end":{"line":53,"column":38}},"26":{"start":{"line":54,"column":3},"end":{"line":54,"column":9}},"27":{"start":{"line":56,"column":3},"end":{"line":56,"column":38}},"28":{"start":{"line":57,"column":3},"end":{"line":57,"column":9}},"29":{"start":{"line":59,"column":3},"end":{"line":59,"column":18}},"30":{"start":{"line":60,"column":3},"end":{"line":60,"column":9}},"31":{"start":{"line":62,"column":1},"end":{"line":62,"column":15}},"32":{"start":{"line":65,"column":18},"end":{"line":78,"column":1}},"33":{"start":{"line":66,"column":14},"end":{"line":66,"column":16}},"34":{"start":{"line":67,"column":16},"end":{"line":67,"column":54}},"35":{"start":{"line":68,"column":1},"end":{"line":70,"column":2}},"36":{"start":{"line":69,"column":2},"end":{"line":69,"column":35}},"37":{"start":{"line":71,"column":1},"end":{"line":73,"column":2}},"38":{"start":{"line":72,"column":2},"end":{"line":72,"column":34}},"39":{"start":{"line":74,"column":1},"end":{"line":76,"column":2}},"40":{"start":{"line":75,"column":2},"end":{"line":75,"column":36}},"41":{"start":{"line":77,"column":1},"end":{"line":77,"column":15}},"42":{"start":{"line":80,"column":24},"end":{"line":87,"column":1}},"43":{"start":{"line":81,"column":12},"end":{"line":81,"column":46}},"44":{"start":{"line":82,"column":13},"end":{"line":85,"column":3}},"45":{"start":{"line":83,"column":18},"end":{"line":83,"column":35}},"46":{"start":{"line":84,"column":2},"end":{"line":84,"column":28}},"47":{"start":{"line":86,"column":1},"end":{"line":86,"column":47}},"48":{"start":{"line":99,"column":25},"end":{"line":141,"column":1}},"49":{"start":{"line":100,"column":1},"end":{"line":140,"column":3}},"50":{"start":{"line":101,"column":20},"end":{"line":101,"column":36}},"51":{"start":{"line":102,"column":18},"end":{"line":102,"column":20}},"52":{"start":{"line":105,"column":32},"end":{"line":107,"column":4}},"53":{"start":{"line":106,"column":3},"end":{"line":106,"column":72}},"54":{"start":{"line":110,"column":2},"end":{"line":134,"column":3}},"55":{"start":{"line":110,"column":15},"end":{"line":110,"column":16}},"56":{"start":{"line":111,"column":14},"end":{"line":111,"column":40}},"57":{"start":{"line":113,"column":26},"end":{"line":113,"column":67}},"58":{"start":{"line":116,"column":3},"end":{"line":118,"column":4}},"59":{"start":{"line":117,"column":4},"end":{"line":117,"column":94}},"60":{"start":{"line":122,"column":3},"end":{"line":128,"column":4}},"61":{"start":{"line":123,"column":4},"end":{"line":125,"column":5}},"62":{"start":{"line":124,"column":5},"end":{"line":124,"column":53}},"63":{"start":{"line":127,"column":4},"end":{"line":127,"column":93}},"64":{"start":{"line":131,"column":3},"end":{"line":133,"column":4}},"65":{"start":{"line":132,"column":4},"end":{"line":132,"column":101}},"66":{"start":{"line":137,"column":2},"end":{"line":137,"column":33}},"67":{"start":{"line":139,"column":2},"end":{"line":139,"column":9}},"68":{"start":{"line":143,"column":0},"end":{"line":145,"column":2}}},"fnMap":{"0":{"name":"(anonymous_0)","decl":{"start":{"line":6,"column":17},"end":{"line":6,"column":18}},"loc":{"start":{"line":6,"column":39},"end":{"line":37,"column":1}},"line":6},"1":{"name":"(anonymous_1)","decl":{"start":{"line":39,"column":19},"end":{"line":39,"column":20}},"loc":{"start":{"line":39,"column":41},"end":{"line":63,"column":1}},"line":39},"2":{"name":"(anonymous_2)","decl":{"start":{"line":65,"column":18},"end":{"line":65,"column":19}},"loc":{"start":{"line":65,"column":25},"end":{"line":78,"column":1}},"line":65},"3":{"name":"(anonymous_3)","decl":{"start":{"line":80,"column":24},"end":{"line":80,"column":25}},"loc":{"start":{"line":80,"column":52},"end":{"line":87,"column":1}},"line":80},"4":{"name":"(anonymous_4)","decl":{"start":{"line":82,"column":23},"end":{"line":82,"column":24}},"loc":{"start":{"line":82,"column":30},"end":{"line":85,"column":2}},"line":82},"5":{"name":"(anonymous_5)","decl":{"start":{"line":99,"column":25},"end":{"line":99,"column":26}},"loc":{"start":{"line":99,"column":42},"end":{"line":141,"column":1}},"line":99},"6":{"name":"(anonymous_6)","decl":{"start":{"line":100,"column":8},"end":{"line":100,"column":9}},"loc":{"start":{"line":100,"column":33},"end":{"line":140,"column":2}},"line":100},"7":{"name":"(anonymous_7)","decl":{"start":{"line":105,"column":46},"end":{"line":105,"column":47}},"loc":{"start":{"line":105,"column":55},"end":{"line":107,"column":3}},"line":105}},"branchMap":{"0":{"loc":{"start":{"line":8,"column":1},"end":{"line":35,"column":2}},"type":"switch","locations":[{"start":{"line":9,"column":2},"end":{"line":11,"column":9}},{"start":{"line":12,"column":2},"end":{"line":14,"column":9}},{"start":{"line":15,"column":2},"end":{"line":17,"column":9}},{"start":{"line":18,"column":2},"end":{"line":18,"column":16}},{"start":{"line":19,"column":2},"end":{"line":19,"column":19}},{"start":{"line":20,"column":2},"end":{"line":20,"column":13}},{"start":{"line":21,"column":2},"end":{"line":27,"column":9}},{"start":{"line":28,"column":2},"end":{"line":30,"column":9}},{"start":{"line":31,"column":2},"end":{"line":34,"column":9}}],"line":8},"1":{"loc":{"start":{"line":41,"column":1},"end":{"line":61,"column":2}},"type":"switch","locations":[{"start":{"line":42,"column":2},"end":{"line":44,"column":9}},{"start":{"line":45,"column":2},"end":{"line":47,"column":9}},{"start":{"line":48,"column":2},"end":{"line":48,"column":16}},{"start":{"line":49,"column":2},"end":{"line":49,"column":19}},{"start":{"line":50,"column":2},"end":{"line":50,"column":13}},{"start":{"line":51,"column":2},"end":{"line":51,"column":15}},{"start":{"line":52,"column":2},"end":{"line":54,"column":9}},{"start":{"line":55,"column":2},"end":{"line":57,"column":9}},{"start":{"line":58,"column":2},"end":{"line":60,"column":9}}],"line":41},"2":{"loc":{"start":{"line":43,"column":12},"end":{"line":43,"column":61}},"type":"binary-expr","locations":[{"start":{"line":43,"column":12},"end":{"line":43,"column":37}},{"start":{"line":43,"column":41},"end":{"line":43,"column":61}}],"line":43},"3":{"loc":{"start":{"line":67,"column":16},"end":{"line":67,"column":54}},"type":"binary-expr","locations":[{"start":{"line":67,"column":16},"end":{"line":67,"column":23}},{"start":{"line":67,"column":27},"end":{"line":67,"column":54}}],"line":67},"4":{"loc":{"start":{"line":68,"column":1},"end":{"line":70,"column":2}},"type":"if","locations":[{"start":{"line":68,"column":1},"end":{"line":70,"column":2}},{"start":{"line":68,"column":1},"end":{"line":70,"column":2}}],"line":68},"5":{"loc":{"start":{"line":68,"column":5},"end":{"line":68,"column":71}},"type":"binary-expr","locations":[{"start":{"line":68,"column":5},"end":{"line":68,"column":14}},{"start":{"line":68,"column":18},"end":{"line":68,"column":38}},{"start":{"line":68,"column":42},"end":{"line":68,"column":71}}],"line":68},"6":{"loc":{"start":{"line":71,"column":1},"end":{"line":73,"column":2}},"type":"if","locations":[{"start":{"line":71,"column":1},"end":{"line":73,"column":2}},{"start":{"line":71,"column":1},"end":{"line":73,"column":2}}],"line":71},"7":{"loc":{"start":{"line":71,"column":5},"end":{"line":71,"column":97}},"type":"binary-expr","locations":[{"start":{"line":71,"column":5},"end":{"line":71,"column":13}},{"start":{"line":71,"column":17},"end":{"line":71,"column":53}},{"start":{"line":71,"column":57},"end":{"line":71,"column":85}},{"start":{"line":71,"column":89},"end":{"line":71,"column":97}}],"line":71},"8":{"loc":{"start":{"line":74,"column":1},"end":{"line":76,"column":2}},"type":"if","locations":[{"start":{"line":74,"column":1},"end":{"line":76,"column":2}},{"start":{"line":74,"column":1},"end":{"line":76,"column":2}}],"line":74},"9":{"loc":{"start":{"line":74,"column":5},"end":{"line":74,"column":49}},"type":"binary-expr","locations":[{"start":{"line":74,"column":5},"end":{"line":74,"column":15}},{"start":{"line":74,"column":19},"end":{"line":74,"column":49}}],"line":74},"10":{"loc":{"start":{"line":80,"column":25},"end":{"line":80,"column":34}},"type":"default-arg","locations":[{"start":{"line":80,"column":32},"end":{"line":80,"column":34}}],"line":80},"11":{"loc":{"start":{"line":80,"column":36},"end":{"line":80,"column":47}},"type":"default-arg","locations":[{"start":{"line":80,"column":45},"end":{"line":80,"column":47}}],"line":80},"12":{"loc":{"start":{"line":106,"column":10},"end":{"line":106,"column":71}},"type":"binary-expr","locations":[{"start":{"line":106,"column":10},"end":{"line":106,"column":25}},{"start":{"line":106,"column":29},"end":{"line":106,"column":71}}],"line":106},"13":{"loc":{"start":{"line":116,"column":3},"end":{"line":118,"column":4}},"type":"if","locations":[{"start":{"line":116,"column":3},"end":{"line":118,"column":4}},{"start":{"line":116,"column":3},"end":{"line":118,"column":4}}],"line":116},"14":{"loc":{"start":{"line":116,"column":7},"end":{"line":116,"column":30}},"type":"binary-expr","locations":[{"start":{"line":116,"column":7},"end":{"line":116,"column":13}},{"start":{"line":116,"column":17},"end":{"line":116,"column":30}}],"line":116},"15":{"loc":{"start":{"line":123,"column":4},"end":{"line":125,"column":5}},"type":"if","locations":[{"start":{"line":123,"column":4},"end":{"line":125,"column":5}},{"start":{"line":123,"column":4},"end":{"line":125,"column":5}}],"line":123},"16":{"loc":{"start":{"line":131,"column":3},"end":{"line":133,"column":4}},"type":"if","locations":[{"start":{"line":131,"column":3},"end":{"line":133,"column":4}},{"start":{"line":131,"column":3},"end":{"line":133,"column":4}}],"line":131},"17":{"loc":{"start":{"line":131,"column":7},"end":{"line":131,"column":83}},"type":"binary-expr","locations":[{"start":{"line":131,"column":7},"end":{"line":131,"column":37}},{"start":{"line":131,"column":41},"end":{"line":131,"column":83}}],"line":131}},"s":{"0":6,"1":6,"2":6,"3":6,"4":6,"5":44,"6":4,"7":3,"8":2,"9":2,"10":1,"11":1,"12":36,"13":36,"14":0,"15":0,"16":1,"17":1,"18":43,"19":6,"20":43,"21":3,"22":3,"23":1,"24":1,"25":38,"26":38,"27":0,"28":0,"29":1,"30":1,"31":43,"32":6,"33":30,"34":30,"35":30,"36":3,"37":30,"38":1,"39":30,"40":30,"41":30,"42":6,"43":228,"44":228,"45":314,"46":314,"47":228,"48":6,"49":759,"50":30,"51":30,"52":30,"53":570,"54":30,"55":30,"56":228,"57":228,"58":228,"59":1,"60":227,"61":227,"62":44,"63":1,"64":226,"65":2,"66":26,"67":26,"68":6},"f":{"0":44,"1":43,"2":30,"3":228,"4":314,"5":759,"6":30,"7":570},"b":{"0":[4,2,1,33,33,33,36,0,1],"1":[3,1,33,33,33,36,38,0,1],"2":[3,3],"3":[30,21],"4":[3,27],"5":[30,22,16],"6":[1,29],"7":[30,2,1,1],"8":[30,0],"9":[30,30],"10":[0],"11":[0],"12":[570,500],"13":[1,227],"14":[228,184],"15":[44,183],"16":[2,224],"17":[226,43]},"_coverageSchema":"43e27e138ebf9cfc5966b082cf9a028302ed4184","hash":"20c92b736410751822a4c253970adc8c480aeedd"}
,"/Users/soneill/Projects/node-fhir-server-core/packages/node-fhir-server-core/src/server/utils/schema.utils.js": {"path":"/Users/soneill/Projects/node-fhir-server-core/packages/node-fhir-server-core/src/server/utils/schema.utils.js","statementMap":{"0":{"start":{"line":1,"column":18},"end":{"line":1,"column":55}},"1":{"start":{"line":2,"column":17},"end":{"line":2,"column":54}},"2":{"start":{"line":3,"column":17},"end":{"line":3,"column":54}},"3":{"start":{"line":10,"column":22},"end":{"line":20,"column":1}},"4":{"start":{"line":11,"column":25},"end":{"line":11,"column":45}},"5":{"start":{"line":12,"column":1},"end":{"line":19,"column":2}},"6":{"start":{"line":14,"column":3},"end":{"line":14,"column":37}},"7":{"start":{"line":16,"column":3},"end":{"line":16,"column":36}},"8":{"start":{"line":18,"column":3},"end":{"line":18,"column":36}},"9":{"start":{"line":22,"column":0},"end":{"line":24,"column":2}}},"fnMap":{"0":{"name":"(anonymous_0)","decl":{"start":{"line":10,"column":22},"end":{"line":10,"column":23}},"loc":{"start":{"line":10,"column":58},"end":{"line":20,"column":1}},"line":10}},"branchMap":{"0":{"loc":{"start":{"line":10,"column":23},"end":{"line":10,"column":40}},"type":"default-arg","locations":[{"start":{"line":10,"column":33},"end":{"line":10,"column":40}}],"line":10},"1":{"loc":{"start":{"line":10,"column":42},"end":{"line":10,"column":53}},"type":"default-arg","locations":[{"start":{"line":10,"column":51},"end":{"line":10,"column":53}}],"line":10},"2":{"loc":{"start":{"line":12,"column":1},"end":{"line":19,"column":2}},"type":"switch","locations":[{"start":{"line":13,"column":2},"end":{"line":14,"column":37}},{"start":{"line":15,"column":2},"end":{"line":16,"column":36}},{"start":{"line":17,"column":2},"end":{"line":18,"column":36}}],"line":12}},"s":{"0":10,"1":10,"2":10,"3":10,"4":302,"5":302,"6":214,"7":83,"8":5,"9":10},"f":{"0":302},"b":{"0":[0],"1":[0],"2":[214,83,5]},"_coverageSchema":"43e27e138ebf9cfc5966b082cf9a028302ed4184","hash":"568944911e0c4b3f1df4984900d0469ec4c62960"}
,"/Users/soneill/Projects/node-fhir-server-core/packages/node-fhir-server-core/src/server/utils/server.error.js": {"path":"/Users/soneill/Projects/node-fhir-server-core/packages/node-fhir-server-core/src/server/utils/server.error.js","statementMap":{"0":{"start":{"line":7,"column":0},"end":{"line":26,"column":2}},"1":{"start":{"line":9,"column":2},"end":{"line":9,"column":17}},"2":{"start":{"line":11,"column":2},"end":{"line":11,"column":53}},"3":{"start":{"line":14,"column":2},"end":{"line":16,"column":5}},"4":{"start":{"line":19,"column":2},"end":{"line":21,"column":3}},"5":{"start":{"line":20,"column":3},"end":{"line":20,"column":46}},"6":{"start":{"line":24,"column":2},"end":{"line":24,"column":31}}},"fnMap":{"0":{"name":"(anonymous_0)","decl":{"start":{"line":8,"column":1},"end":{"line":8,"column":2}},"loc":{"start":{"line":8,"column":31},"end":{"line":25,"column":2}},"line":8}},"branchMap":{"0":{"loc":{"start":{"line":19,"column":2},"end":{"line":21,"column":3}},"type":"if","locations":[{"start":{"line":19,"column":2},"end":{"line":21,"column":3}},{"start":{"line":19,"column":2},"end":{"line":21,"column":3}}],"line":19}},"s":{"0":5,"1":15,"2":15,"3":15,"4":15,"5":15,"6":15},"f":{"0":15},"b":{"0":[15,0]},"_coverageSchema":"43e27e138ebf9cfc5966b082cf9a028302ed4184","hash":"7f5102486bc1b32e78d96d04f56b337799e15af5"}
}
