TN:
SF:/Users/soneill/Projects/node-fhir-server-core/packages/node-fhir-server-core/src/constants.js
FNF:0
FNH:0
DA:1,9
DA:54,9
DA:71,9
DA:81,9
DA:86,9
LF:5
LH:5
BRF:0
BRH:0
end_of_record
TN:
SF:/Users/soneill/Projects/node-fhir-server-core/packages/node-fhir-server-core/src/test.config.js
FNF:0
FNH:0
DA:1,3
LF:1
LH:1
BRF:0
BRH:0
end_of_record
TN:
SF:/Users/soneill/Projects/node-fhir-server-core/packages/node-fhir-server-core/src/server/route.config.js
FNF:0
FNH:0
DA:1,5
DA:7,5
DA:97,5
DA:119,5
LF:4
LH:4
BRF:0
BRH:0
end_of_record
TN:
SF:/Users/soneill/Projects/node-fhir-server-core/packages/node-fhir-server-core/src/server/router.js
FN:28,getAllConfiguredVersions
FN:30,(anonymous_1)
FN:32,(anonymous_2)
FN:39,(anonymous_3)
FN:50,hasValidService
FN:61,loadController
FN:62,(anonymous_6)
FN:80,enableOperationRoutesForProfile
FN:99,(anonymous_8)
FN:127,enableMetadataRoute
FN:152,enableResourceRoutes
FN:168,(anonymous_11)
FN:239,enableBaseRoute
FN:264,setRoutes
FNF:14
FNH:14
FNDA:20,getAllConfiguredVersions
FNDA:85,(anonymous_1)
FNDA:102,(anonymous_2)
FNDA:38,(anonymous_3)
FNDA:1264,hasValidService
FNDA:726,loadController
FNDA:12,(anonymous_6)
FNDA:6,enableOperationRoutesForProfile
FNDA:24,(anonymous_8)
FNDA:20,enableMetadataRoute
FNDA:20,enableResourceRoutes
FNDA:102,(anonymous_11)
FNDA:14,enableBaseRoute
FNDA:20,setRoutes
DA:1,5
DA:2,5
DA:3,5
DA:4,5
DA:5,5
DA:6,5
DA:7,5
DA:8,5
DA:9,5
DA:10,5
DA:11,5
DA:12,5
DA:13,5
DA:14,5
DA:16,5
DA:29,20
DA:30,20
DA:31,85
DA:32,102
DA:33,85
DA:39,38
DA:51,1264
DA:62,726
DA:63,12
DA:64,12
DA:66,12
DA:83,6
DA:87,6
DA:88,6
DA:89,6
DA:92,6
DA:93,4
DA:96,2
DA:97,2
DA:99,24
DA:100,2
DA:104,2
DA:110,2
DA:113,2
DA:128,20
DA:131,20
DA:134,20
DA:139,20
DA:143,20
DA:154,20
DA:155,85
DA:156,85
DA:157,85
DA:160,85
DA:166,85
DA:167,85
DA:168,102
DA:172,2
DA:180,83
DA:181,6
DA:185,79
DA:187,1264
DA:188,538
DA:192,726
DA:197,726
DA:199,72
DA:200,72
DA:205,288
DA:206,288
DA:209,222
DA:210,222
DA:213,72
DA:214,72
DA:216,72
DA:217,72
DA:220,726
DA:223,726
DA:226,726
DA:242,14
DA:243,14
DA:244,0
DA:247,0
DA:252,0
DA:254,0
DA:265,20
DA:266,20
DA:268,20
DA:270,20
DA:271,20
DA:273,14
DA:276,5
LF:86
LH:82
BRDA:28,0,0,0
BRDA:31,1,0,1
BRDA:50,2,0,0
BRDA:50,3,0,0
BRDA:51,4,0,1264
BRDA:51,4,1,1200
BRDA:88,5,0,6
BRDA:88,5,1,1
BRDA:89,6,0,2
BRDA:89,6,1,4
BRDA:92,7,0,4
BRDA:92,7,1,2
BRDA:92,8,0,6
BRDA:92,8,1,5
BRDA:92,8,2,4
BRDA:92,8,3,3
BRDA:97,9,0,2
BRDA:97,9,1,0
BRDA:180,10,0,6
BRDA:180,10,1,77
BRDA:180,11,0,83
BRDA:180,11,1,6
BRDA:187,12,0,538
BRDA:187,12,1,726
BRDA:197,13,0,72
BRDA:197,13,1,72
BRDA:197,13,2,144
BRDA:197,13,3,216
BRDA:197,13,4,288
BRDA:197,13,5,150
BRDA:197,13,6,222
BRDA:197,13,7,72
BRDA:197,13,8,72
BRDA:197,13,9,72
BRDA:264,14,0,0
BRF:35
BRH:30
end_of_record
TN:
SF:/Users/soneill/Projects/node-fhir-server-core/packages/node-fhir-server-core/src/server/server.js
FN:26,mergeDefaults
FN:45,verifyAndLoadProfiles
FN:51,(anonymous_2)
FN:78,validate
FN:108,(anonymous_4)
FN:136,(anonymous_5)
FN:157,(anonymous_6)
FN:181,(anonymous_7)
FN:193,(anonymous_8)
FN:198,(anonymous_9)
FN:209,(anonymous_10)
FN:221,(anonymous_11)
FN:228,(anonymous_12)
FN:235,(anonymous_13)
FN:244,(anonymous_14)
FN:278,(anonymous_15)
FN:313,(anonymous_16)
FNF:17
FNH:13
FNDA:10,mergeDefaults
FNDA:10,verifyAndLoadProfiles
FNDA:73,(anonymous_2)
FNDA:10,validate
FNDA:10,(anonymous_4)
FNDA:2,(anonymous_5)
FNDA:1,(anonymous_6)
FNDA:1,(anonymous_7)
FNDA:0,(anonymous_8)
FNDA:0,(anonymous_9)
FNDA:0,(anonymous_10)
FNDA:9,(anonymous_11)
FNDA:1,(anonymous_12)
FNDA:9,(anonymous_13)
FNDA:97,(anonymous_14)
FNDA:32,(anonymous_15)
FNDA:0,(anonymous_16)
DA:1,4
DA:2,4
DA:3,4
DA:4,4
DA:5,4
DA:6,4
DA:7,4
DA:8,4
DA:9,4
DA:10,4
DA:11,4
DA:12,4
DA:13,4
DA:14,4
DA:15,4
DA:16,4
DA:17,4
DA:18,4
DA:28,10
DA:36,10
DA:46,10
DA:51,10
DA:52,73
DA:53,73
DA:56,73
DA:57,0
DA:59,73
DA:60,73
DA:62,0
DA:66,73
DA:67,0
DA:70,10
DA:80,10
DA:87,10
DA:97,10
DA:99,10
DA:110,10
DA:112,10
DA:114,10
DA:117,10
DA:123,10
DA:125,10
DA:127,10
DA:132,10
DA:138,2
DA:139,0
DA:142,2
DA:144,2
DA:146,2
DA:147,2
DA:149,2
DA:151,2
DA:153,2
DA:168,1
DA:177,1
DA:183,1
DA:185,1
DA:186,0
DA:189,1
DA:195,0
DA:199,0
DA:200,0
DA:201,0
DA:205,0
DA:211,0
DA:213,0
DA:214,0
DA:217,0
DA:222,9
DA:224,9
DA:229,1
DA:231,1
DA:236,9
DA:238,9
DA:239,0
DA:244,9
DA:246,97
DA:248,97
DA:250,97
DA:251,85
DA:252,85
DA:253,12
DA:254,12
DA:255,12
DA:256,0
DA:257,0
DA:270,0
DA:271,0
DA:273,0
DA:278,9
DA:280,32
DA:283,32
DA:284,32
DA:287,0
DA:291,32
DA:304,32
DA:305,32
DA:309,9
DA:316,0
DA:317,0
DA:318,0
DA:321,0
DA:322,0
DA:323,0
DA:324,0
DA:327,0
DA:329,0
DA:336,0
DA:347,0
DA:351,4
LF:110
LH:78
BRDA:56,0,0,0
BRDA:56,0,1,73
BRDA:56,1,0,73
BRDA:56,1,1,73
BRDA:60,2,0,65
BRDA:60,2,1,8
BRDA:66,3,0,0
BRDA:66,3,1,73
BRDA:81,4,0,10
BRDA:81,4,1,0
BRDA:81,4,2,0
BRDA:81,4,3,0
BRDA:108,5,0,0
BRDA:123,6,0,0
BRDA:123,6,1,10
BRDA:125,7,0,0
BRDA:128,8,0,10
BRDA:128,8,1,10
BRDA:129,9,0,0
BRDA:129,9,1,10
BRDA:129,10,0,10
BRDA:129,10,1,0
BRDA:129,10,2,0
BRDA:138,11,0,0
BRDA:138,11,1,2
BRDA:138,12,0,2
BRDA:138,12,1,0
BRDA:151,13,0,2
BRDA:151,13,1,2
BRDA:170,14,0,1
BRDA:170,14,1,1
BRDA:183,15,0,0
BRDA:185,16,0,0
BRDA:185,16,1,1
BRDA:185,17,0,1
BRDA:185,17,1,1
BRDA:186,18,0,0
BRDA:186,18,1,0
BRDA:199,19,0,0
BRDA:199,19,1,0
BRDA:199,20,0,0
BRDA:199,20,1,0
BRDA:209,21,0,0
BRDA:211,22,0,0
BRDA:213,23,0,0
BRDA:213,23,1,0
BRDA:213,24,0,0
BRDA:213,24,1,0
BRDA:214,25,0,0
BRDA:214,25,1,0
BRDA:238,26,0,0
BRDA:238,26,1,9
BRDA:238,27,0,9
BRDA:238,27,1,0
BRDA:246,28,0,97
BRDA:246,28,1,0
BRDA:250,29,0,85
BRDA:250,29,1,12
BRDA:250,30,0,97
BRDA:250,30,1,97
BRDA:251,31,0,85
BRDA:251,31,1,0
BRDA:253,32,0,12
BRDA:253,32,1,0
BRDA:254,33,0,12
BRDA:254,33,1,0
BRDA:256,34,0,0
BRDA:256,34,1,0
BRDA:280,35,0,32
BRDA:280,35,1,0
BRDA:283,36,0,32
BRDA:283,36,1,0
BRDA:313,37,0,0
BRDA:313,38,0,0
BRDA:316,39,0,0
BRDA:316,39,1,0
BRDA:321,40,0,0
BRDA:321,40,1,0
BRDA:330,41,0,0
BRDA:330,41,1,0
BRDA:336,42,0,0
BRDA:336,42,1,0
BRDA:347,43,0,0
BRDA:347,43,1,0
BRDA:347,44,0,0
BRDA:347,44,1,0
BRF:86
BRH:33
end_of_record
TN:
SF:/Users/soneill/Projects/node-fhir-server-core/packages/node-fhir-server-core/src/server/service.mock.js
FN:6,(anonymous_0)
FN:19,(anonymous_1)
FN:25,(anonymous_2)
FN:31,(anonymous_3)
FN:37,(anonymous_4)
FN:43,(anonymous_5)
FN:49,(anonymous_6)
FN:55,(anonymous_7)
FN:61,(anonymous_8)
FN:67,(anonymous_9)
FN:73,(anonymous_10)
FNF:11
FNH:10
FNDA:12,(anonymous_0)
FNDA:3,(anonymous_1)
FNDA:1,(anonymous_2)
FNDA:1,(anonymous_3)
FNDA:2,(anonymous_4)
FNDA:1,(anonymous_5)
FNDA:1,(anonymous_6)
FNDA:1,(anonymous_7)
FNDA:1,(anonymous_8)
FNDA:1,(anonymous_9)
FNDA:0,(anonymous_10)
DA:1,4
DA:2,4
DA:4,4
DA:6,12
DA:19,4
DA:20,3
DA:21,3
DA:22,3
DA:25,4
DA:26,1
DA:27,1
DA:28,1
DA:31,4
DA:32,1
DA:33,1
DA:34,1
DA:37,4
DA:38,2
DA:39,2
DA:40,2
DA:43,4
DA:44,1
DA:45,1
DA:46,1
DA:49,4
DA:50,1
DA:51,1
DA:52,1
DA:55,4
DA:56,1
DA:57,1
DA:58,1
DA:61,4
DA:62,1
DA:63,1
DA:64,1
DA:67,4
DA:68,1
DA:69,1
DA:70,1
DA:73,4
DA:74,0
DA:75,0
DA:76,0
LF:44
LH:41
BRF:0
BRH:0
end_of_record
TN:
SF:/Users/soneill/Projects/node-fhir-server-core/packages/node-fhir-server-core/src/server/winston.js
FN:28,(anonymous_0)
FN:34,(anonymous_1)
FNF:2
FNH:2
FNDA:19,(anonymous_0)
FNDA:10,(anonymous_1)
DA:1,5
DA:12,5
DA:28,19
DA:34,5
DA:35,10
DA:43,10
DA:44,10
DA:46,10
DA:47,4
DA:50,0
DA:56,5
LF:11
LH:10
BRDA:28,0,0,0
BRDA:34,1,0,0
BRDA:43,2,0,10
BRDA:43,2,1,0
BRDA:46,3,0,4
BRDA:46,3,1,6
BRF:6
BRH:3
end_of_record
TN:
SF:/Users/soneill/Projects/node-fhir-server-core/packages/node-fhir-server-core/src/server/base/base.config.js
FNF:0
FNH:0
DA:1,4
DA:4,4
DA:38,4
LF:3
LH:3
BRF:0
BRH:0
end_of_record
TN:
SF:/Users/soneill/Projects/node-fhir-server-core/packages/node-fhir-server-core/src/server/base/base.controller.js
FN:7,(anonymous_0)
FN:8,(anonymous_1)
FN:11,(anonymous_2)
FN:12,(anonymous_3)
FN:20,(anonymous_4)
FN:21,(anonymous_5)
FN:24,(anonymous_6)
FN:25,(anonymous_7)
FNF:8
FNH:0
FNDA:0,(anonymous_0)
FNDA:0,(anonymous_1)
FNDA:0,(anonymous_2)
FNDA:0,(anonymous_3)
FNDA:0,(anonymous_4)
FNDA:0,(anonymous_5)
FNDA:0,(anonymous_6)
FNDA:0,(anonymous_7)
DA:1,4
DA:7,4
DA:8,0
DA:9,0
DA:11,0
DA:12,0
DA:20,4
DA:21,0
DA:22,0
DA:24,0
DA:25,0
LF:11
LH:3
BRF:0
BRH:0
end_of_record
TN:
SF:/Users/soneill/Projects/node-fhir-server-core/packages/node-fhir-server-core/src/server/base/base.service.js
FN:7,(anonymous_0)
FN:18,(anonymous_1)
FN:30,(anonymous_2)
FN:31,(anonymous_3)
FN:47,(anonymous_4)
FN:57,(anonymous_5)
FN:63,(anonymous_6)
FN:69,(anonymous_7)
FN:79,(anonymous_8)
FN:80,(anonymous_9)
FN:96,(anonymous_10)
FN:105,(anonymous_11)
FN:111,(anonymous_12)
FN:117,(anonymous_13)
FNF:14
FNH:0
FNDA:0,(anonymous_0)
FNDA:0,(anonymous_1)
FNDA:0,(anonymous_2)
FNDA:0,(anonymous_3)
FNDA:0,(anonymous_4)
FNDA:0,(anonymous_5)
FNDA:0,(anonymous_6)
FNDA:0,(anonymous_7)
FNDA:0,(anonymous_8)
FNDA:0,(anonymous_9)
FNDA:0,(anonymous_10)
FNDA:0,(anonymous_11)
FNDA:0,(anonymous_12)
FNDA:0,(anonymous_13)
DA:1,4
DA:2,4
DA:3,4
DA:4,4
DA:5,4
DA:7,4
DA:8,0
DA:9,0
DA:10,0
DA:11,0
DA:16,0
DA:17,0
DA:18,0
DA:19,0
DA:26,0
DA:27,0
DA:28,0
DA:30,4
DA:31,0
DA:32,0
DA:33,0
DA:34,0
DA:35,0
DA:36,0
DA:40,0
DA:41,0
DA:43,0
DA:45,0
DA:46,0
DA:47,0
DA:48,0
DA:49,0
DA:50,0
DA:51,0
DA:56,0
DA:58,0
DA:64,0
DA:69,0
DA:70,0
DA:71,0
DA:74,0
DA:75,0
DA:79,4
DA:80,0
DA:81,0
DA:82,0
DA:83,0
DA:84,0
DA:85,0
DA:89,0
DA:90,0
DA:92,0
DA:94,0
DA:95,0
DA:96,0
DA:97,0
DA:98,0
DA:99,0
DA:100,0
DA:104,0
DA:106,0
DA:112,0
DA:117,0
DA:118,0
DA:119,0
DA:121,0
DA:122,0
LF:67
LH:8
BRDA:35,0,0,0
BRDA:35,0,1,0
BRDA:40,1,0,0
BRDA:40,1,1,0
BRDA:84,2,0,0
BRDA:84,2,1,0
BRDA:89,3,0,0
BRDA:89,3,1,0
BRF:8
BRH:0
end_of_record
TN:
SF:/Users/soneill/Projects/node-fhir-server-core/packages/node-fhir-server-core/src/server/metadata/capability.3_0_1.js
FN:7,(anonymous_0)
FN:11,(anonymous_1)
FN:39,(anonymous_2)
FNF:3
FNH:3
FNDA:5,(anonymous_0)
FNDA:5,(anonymous_1)
FNDA:5,(anonymous_2)
DA:1,1
DA:2,1
DA:7,1
DA:8,5
DA:11,1
DA:12,5
DA:14,5
DA:39,5
LF:8
LH:8
BRF:0
BRH:0
end_of_record
TN:
SF:/Users/soneill/Projects/node-fhir-server-core/packages/node-fhir-server-core/src/server/metadata/capability.template.js
FN:9,(anonymous_0)
FNF:1
FNH:1
FNDA:40,(anonymous_0)
DA:1,5
DA:2,5
DA:8,5
DA:10,40
DA:11,40
DA:14,40
LF:6
LH:6
BRF:0
BRH:0
end_of_record
TN:
SF:/Users/soneill/Projects/node-fhir-server-core/packages/node-fhir-server-core/src/server/metadata/metadata.config.js
FNF:0
FNH:0
DA:1,5
DA:2,5
DA:4,5
DA:18,5
LF:4
LH:4
BRF:0
BRH:0
end_of_record
TN:
SF:/Users/soneill/Projects/node-fhir-server-core/packages/node-fhir-server-core/src/server/metadata/metadata.controller.js
FN:7,(anonymous_0)
FN:8,(anonymous_1)
FN:12,(anonymous_2)
FN:13,(anonymous_3)
FNF:4
FNH:3
FNDA:20,(anonymous_0)
FNDA:7,(anonymous_1)
FNDA:7,(anonymous_2)
FNDA:0,(anonymous_3)
DA:1,5
DA:7,5
DA:8,20
DA:10,7
DA:12,7
DA:13,0
LF:6
LH:5
BRF:0
BRH:0
end_of_record
TN:
SF:/Users/soneill/Projects/node-fhir-server-core/packages/node-fhir-server-core/src/server/metadata/metadata.interactions.js
FN:6,(anonymous_0)
FNF:1
FNH:1
FNDA:56,(anonymous_0)
DA:5,5
DA:6,5
DA:8,56
DA:9,47
DA:12,9
DA:15,9
DA:16,9
DA:19,9
DA:20,9
DA:23,9
DA:24,9
DA:27,9
DA:28,9
DA:31,9
DA:32,9
DA:35,9
DA:36,9
DA:39,9
DA:40,9
DA:43,9
DA:44,9
DA:47,9
DA:48,9
DA:52,9
DA:54,9
DA:57,5
LF:26
LH:26
BRDA:8,0,0,47
BRDA:8,0,1,9
BRDA:15,1,0,9
BRDA:15,1,1,0
BRDA:19,2,0,9
BRDA:19,2,1,0
BRDA:23,3,0,9
BRDA:23,3,1,0
BRDA:27,4,0,9
BRDA:27,4,1,0
BRDA:31,5,0,9
BRDA:31,5,1,0
BRDA:35,6,0,9
BRDA:35,6,1,0
BRDA:39,7,0,9
BRDA:39,7,1,0
BRDA:43,8,0,9
BRDA:43,8,1,0
BRDA:47,9,0,9
BRDA:47,9,1,0
BRF:20
BRH:11
end_of_record
TN:
SF:/Users/soneill/Projects/node-fhir-server-core/packages/node-fhir-server-core/src/server/metadata/metadata.service.js
FN:12,(anonymous_0)
FN:28,(anonymous_1)
FN:29,(anonymous_2)
FN:39,(anonymous_3)
FN:48,(anonymous_4)
FN:78,(anonymous_5)
FN:81,(anonymous_6)
FN:100,(anonymous_7)
FNF:8
FNH:7
FNDA:5,(anonymous_0)
FNDA:7,(anonymous_1)
FNDA:7,(anonymous_2)
FNDA:56,(anonymous_3)
FNDA:56,(anonymous_4)
FNDA:56,(anonymous_5)
FNDA:0,(anonymous_6)
FNDA:56,(anonymous_7)
DA:1,5
DA:2,5
DA:3,5
DA:4,5
DA:5,5
DA:7,5
DA:12,5
DA:13,5
DA:14,5
DA:16,0
DA:28,5
DA:29,7
DA:30,7
DA:32,7
DA:35,7
DA:37,7
DA:38,7
DA:40,56
DA:48,56
DA:51,7
DA:58,7
DA:62,7
DA:64,0
DA:68,7
DA:73,7
DA:74,7
DA:78,7
DA:79,56
DA:80,56
DA:81,0
DA:82,0
DA:88,0
DA:92,56
DA:95,7
DA:96,0
DA:99,7
DA:100,7
DA:101,56
DA:102,8
DA:104,48
DA:106,56
DA:110,56
DA:111,56
DA:115,7
DA:122,5
LF:45
LH:39
BRDA:13,0,0,5
BRDA:13,0,1,0
BRDA:43,1,0,56
BRDA:43,1,1,56
BRDA:44,2,0,56
BRDA:44,2,1,56
BRDA:45,3,0,56
BRDA:45,3,1,56
BRDA:58,4,0,2
BRDA:58,4,1,5
BRDA:62,5,0,0
BRDA:62,5,1,7
BRDA:62,6,0,7
BRDA:62,6,1,7
BRDA:73,7,0,7
BRDA:73,7,1,0
BRDA:73,8,0,7
BRDA:73,8,1,7
BRDA:80,9,0,0
BRDA:80,9,1,56
BRDA:80,10,0,56
BRDA:80,10,1,0
BRDA:85,11,0,0
BRDA:85,11,1,0
BRDA:95,12,0,0
BRDA:95,12,1,7
BRDA:95,13,0,7
BRDA:95,13,1,7
BRDA:101,14,0,8
BRDA:101,14,1,48
BRDA:106,15,0,16
BRDA:106,15,1,40
BRF:32
BRH:24
end_of_record
TN:
SF:/Users/soneill/Projects/node-fhir-server-core/packages/node-fhir-server-core/src/server/metadata/metadata.test.metadata.js
FN:1,(anonymous_0)
FNF:1
FNH:1
FNDA:8,(anonymous_0)
DA:1,1
DA:2,8
LF:2
LH:2
BRF:0
BRH:0
end_of_record
TN:
SF:/Users/soneill/Projects/node-fhir-server-core/packages/node-fhir-server-core/src/server/middleware/authentication.middleware.js
FN:9,authenticationMiddleware
FNF:1
FNH:1
FNDA:732,authenticationMiddleware
DA:1,6
DA:2,6
DA:9,6
DA:11,732
DA:12,726
DA:16,6
DA:17,5
DA:18,5
DA:20,1
LF:9
LH:9
BRDA:11,0,0,726
BRDA:11,0,1,6
BRDA:16,1,0,5
BRDA:16,1,1,1
BRDA:16,2,0,6
BRDA:16,2,1,5
BRDA:17,3,0,1
BRF:7
BRH:7
end_of_record
TN:
SF:/Users/soneill/Projects/node-fhir-server-core/packages/node-fhir-server-core/src/server/middleware/noop.middleware.js
FN:7,noopMiddleware
FNF:1
FNH:1
FNDA:25,noopMiddleware
DA:7,8
DA:8,25
LF:2
LH:2
BRF:0
BRH:0
end_of_record
TN:
SF:/Users/soneill/Projects/node-fhir-server-core/packages/node-fhir-server-core/src/server/middleware/sof-scope.middleware.js
FN:13,deriveActionFromInteraction
FN:40,parseScopes
FN:54,sofScopeCheckMiddleware
FN:68,sofScopeMiddleware
FNF:4
FNH:4
FNDA:4,deriveActionFromInteraction
FNDA:4,parseScopes
FNDA:734,sofScopeCheckMiddleware
FNDA:4,sofScopeMiddleware
DA:1,6
DA:2,6
DA:3,6
DA:4,6
DA:14,4
DA:22,2
DA:27,1
DA:29,1
DA:41,4
DA:43,4
DA:44,0
DA:47,4
DA:54,6
DA:55,734
DA:57,734
DA:58,726
DA:63,8
DA:64,5
DA:68,3
DA:70,4
DA:71,4
DA:72,4
DA:74,4
DA:76,4
DA:77,3
DA:80,1
LF:26
LH:25
BRDA:14,0,0,2
BRDA:14,0,1,2
BRDA:14,0,2,2
BRDA:14,0,3,2
BRDA:14,0,4,2
BRDA:14,0,5,2
BRDA:14,0,6,2
BRDA:14,0,7,1
BRDA:14,0,8,1
BRDA:14,0,9,1
BRDA:14,0,10,1
BRDA:14,0,11,1
BRDA:40,1,0,1
BRDA:40,2,0,4
BRDA:43,3,0,0
BRDA:43,3,1,4
BRDA:47,4,0,3
BRDA:47,4,1,1
BRDA:54,5,0,1
BRDA:55,6,0,3
BRDA:55,7,0,3
BRDA:55,8,0,726
BRDA:57,9,0,726
BRDA:57,9,1,8
BRDA:63,10,0,5
BRDA:63,10,1,3
BRDA:63,11,0,8
BRDA:63,11,1,4
BRDA:72,12,0,4
BRDA:72,12,1,4
BRDA:76,13,0,3
BRDA:76,13,1,1
BRDA:77,14,0,3
BRDA:77,14,1,1
BRF:34
BRH:33
end_of_record
TN:
SF:/Users/soneill/Projects/node-fhir-server-core/packages/node-fhir-server-core/src/server/middleware/version-validation.middleware.js
FN:10,versionValidationMiddleware
FN:13,validationMiddleware
FNF:2
FNH:2
FNDA:734,versionValidationMiddleware
FNDA:107,validationMiddleware
DA:1,5
DA:10,5
DA:11,734
DA:13,734
DA:14,107
DA:16,107
DA:17,87
DA:20,20
LF:8
LH:8
BRDA:10,0,0,2
BRDA:11,1,0,2
BRDA:14,2,0,107
BRDA:14,2,1,106
BRDA:16,3,0,87
BRDA:16,3,1,20
BRDA:16,4,0,107
BRDA:16,4,1,106
BRF:8
BRH:8
end_of_record
TN:
SF:/Users/soneill/Projects/node-fhir-server-core/packages/node-fhir-server-core/src/server/operations/operations.controller.js
FN:6,operationsPost
FN:9,(anonymous_1)
FN:15,(anonymous_2)
FN:23,operationsGet
FN:25,(anonymous_4)
FN:27,(anonymous_5)
FNF:6
FNH:1
FNDA:2,operationsPost
FNDA:0,(anonymous_1)
FNDA:0,(anonymous_2)
FNDA:0,operationsGet
FNDA:0,(anonymous_4)
FNDA:0,(anonymous_5)
DA:1,5
DA:6,5
DA:7,2
DA:9,2
DA:10,0
DA:11,0
DA:12,0
DA:14,0
DA:15,0
DA:23,5
DA:24,0
DA:25,0
DA:26,0
DA:27,0
LF:14
LH:5
BRF:0
BRH:0
end_of_record
TN:
SF:/Users/soneill/Projects/node-fhir-server-core/packages/node-fhir-server-core/src/server/utils/conformance.utils.js
FN:25,(anonymous_0)
FN:25,(anonymous_1)
FN:43,(anonymous_2)
FN:43,(anonymous_3)
FN:77,(anonymous_4)
FNF:5
FNH:3
FNDA:40,(anonymous_0)
FNDA:930,(anonymous_1)
FNDA:0,(anonymous_2)
FNDA:0,(anonymous_3)
FNDA:40,(anonymous_4)
DA:1,5
DA:25,40
DA:26,930
DA:43,5
DA:46,0
DA:77,5
DA:78,40
DA:80,40
DA:81,930
DA:84,930
DA:85,930
DA:89,40
DA:92,5
LF:13
LH:12
BRDA:26,0,0,0
BRDA:26,0,1,930
BRDA:31,1,0,930
BRDA:31,1,1,930
BRDA:31,1,2,930
BRDA:50,2,0,0
BRDA:50,2,1,0
BRDA:84,3,0,930
BRDA:84,3,1,0
BRF:9
BRH:5
end_of_record
TN:
SF:/Users/soneill/Projects/node-fhir-server-core/packages/node-fhir-server-core/src/server/utils/controllers.utils.js
FN:10,(anonymous_0)
FNF:1
FNH:1
FNDA:15,(anonymous_0)
DA:1,6
DA:2,6
DA:3,6
DA:10,6
DA:11,15
DA:13,13
DA:15,1
DA:17,1
DA:21,6
LF:9
LH:9
BRDA:11,0,0,13
BRDA:11,0,1,1
BRDA:11,0,2,1
BRF:3
BRH:3
end_of_record
TN:
SF:/Users/soneill/Projects/node-fhir-server-core/packages/node-fhir-server-core/src/server/utils/deprecation.notice.js
FN:8,wrapper
FN:9,(anonymous_1)
FN:22,isBasePrototype
FN:23,(anonymous_3)
FN:36,notice
FN:48,(anonymous_5)
FNF:6
FNH:6
FNDA:336,wrapper
FNDA:5,(anonymous_1)
FNDA:24,isBasePrototype
FNDA:70,(anonymous_3)
FNDA:26,notice
FNDA:734,(anonymous_5)
DA:9,336
DA:10,5
DA:11,5
DA:12,5
DA:23,24
DA:24,70
DA:37,26
DA:38,2
DA:41,24
DA:42,24
DA:44,24
DA:45,22
DA:48,24
DA:49,734
DA:51,734
DA:52,334
DA:54,400
DA:57,734
DA:61,6
LF:19
LH:19
BRDA:37,0,0,2
BRDA:37,0,1,24
BRDA:44,1,0,22
BRDA:44,1,1,2
BRDA:44,2,0,24
BRDA:44,2,1,24
BRDA:51,3,0,334
BRDA:51,3,1,400
BRF:8
BRH:8
end_of_record
TN:
SF:/Users/soneill/Projects/node-fhir-server-core/packages/node-fhir-server-core/src/server/utils/error.utils.js
FN:5,(anonymous_0)
FN:14,(anonymous_1)
FN:21,(anonymous_2)
FN:38,(anonymous_3)
FN:54,(anonymous_4)
FN:70,(anonymous_5)
FN:86,(anonymous_6)
FN:102,(anonymous_7)
FN:118,(anonymous_8)
FN:141,(anonymous_9)
FN:158,(anonymous_10)
FN:179,(anonymous_11)
FNF:12
FNH:10
FNDA:111,(anonymous_0)
FNDA:108,(anonymous_1)
FNDA:7,(anonymous_2)
FNDA:5,(anonymous_3)
FNDA:2,(anonymous_4)
FNDA:89,(anonymous_5)
FNDA:0,(anonymous_6)
FNDA:0,(anonymous_7)
FNDA:2,(anonymous_8)
FNDA:1,(anonymous_9)
FNDA:3,(anonymous_10)
FNDA:3,(anonymous_11)
DA:1,9
DA:2,9
DA:5,9
DA:6,111
DA:7,8
DA:9,103
DA:14,9
DA:15,108
DA:21,9
DA:22,7
DA:23,7
DA:38,9
DA:39,5
DA:40,5
DA:54,9
DA:55,2
DA:56,2
DA:70,9
DA:71,89
DA:72,89
DA:86,9
DA:87,0
DA:88,0
DA:102,9
DA:103,0
DA:104,0
DA:118,9
DA:119,2
DA:120,2
DA:141,9
DA:142,1
DA:143,1
DA:158,9
DA:159,3
DA:160,1
DA:163,2
DA:165,2
DA:179,9
DA:186,9
LF:39
LH:35
BRDA:6,0,0,8
BRDA:6,0,1,103
BRDA:6,1,0,111
BRDA:6,1,1,103
BRDA:44,2,0,5
BRDA:44,2,1,1
BRDA:49,3,0,5
BRDA:49,3,1,1
BRDA:60,4,0,2
BRDA:60,4,1,1
BRDA:65,5,0,2
BRDA:65,5,1,1
BRDA:76,6,0,89
BRDA:76,6,1,88
BRDA:81,7,0,89
BRDA:81,7,1,88
BRDA:92,8,0,0
BRDA:92,8,1,0
BRDA:97,9,0,0
BRDA:97,9,1,0
BRDA:108,10,0,0
BRDA:108,10,1,0
BRDA:113,11,0,0
BRDA:113,11,1,0
BRDA:124,12,0,2
BRDA:124,12,1,1
BRDA:129,13,0,2
BRDA:129,13,1,1
BRDA:159,14,0,1
BRDA:159,14,1,2
BRDA:169,15,0,2
BRDA:169,15,1,1
BRDA:174,16,0,2
BRDA:174,16,1,1
BRF:34
BRH:26
end_of_record
TN:
SF:/Users/soneill/Projects/node-fhir-server-core/packages/node-fhir-server-core/src/server/utils/hyphen-to-camel.utils.js
FN:1,(anonymous_0)
FN:2,(anonymous_1)
FNF:2
FNH:2
FNDA:6,(anonymous_0)
FNDA:5,(anonymous_1)
DA:1,5
DA:2,6
DA:3,5
LF:3
LH:3
BRF:0
BRH:0
end_of_record
TN:
SF:/Users/soneill/Projects/node-fhir-server-core/packages/node-fhir-server-core/src/server/utils/invariant.js
FN:7,invariant
FNF:1
FNH:1
FNDA:33,invariant
DA:7,5
DA:8,33
DA:9,1
LF:3
LH:3
BRDA:8,0,0,1
BRDA:8,0,1,32
BRDA:8,1,0,33
BRDA:8,1,1,2
BRF:4
BRH:4
end_of_record
TN:
SF:/Users/soneill/Projects/node-fhir-server-core/packages/node-fhir-server-core/src/server/utils/params.utils.js
FN:5,(anonymous_0)
FN:25,(anonymous_1)
FN:37,(anonymous_2)
FN:55,(anonymous_3)
FNF:4
FNH:4
FNDA:433,(anonymous_0)
FNDA:148,(anonymous_1)
FNDA:10,(anonymous_2)
FNDA:3726,(anonymous_3)
DA:1,6
DA:2,6
DA:3,6
DA:5,6
DA:6,433
DA:8,64
DA:10,342
DA:12,23
DA:25,6
DA:26,148
DA:27,148
DA:31,148
DA:32,1
DA:37,1
DA:38,10
DA:39,10
DA:42,147
DA:46,148
DA:50,146
DA:51,135
DA:55,146
DA:56,3726
DA:60,6
LF:23
LH:23
BRDA:6,0,0,64
BRDA:6,0,1,342
BRDA:6,0,2,23
BRDA:31,1,0,1
BRDA:31,1,1,147
BRDA:50,2,0,135
BRDA:50,2,1,11
BRF:7
BRH:7
end_of_record
TN:
SF:/Users/soneill/Projects/node-fhir-server-core/packages/node-fhir-server-core/src/server/utils/params.utils.test.arguments.js
FN:1,(anonymous_0)
FNF:1
FNH:1
FNDA:1,(anonymous_0)
DA:1,1
DA:2,1
LF:2
LH:2
BRF:0
BRH:0
end_of_record
TN:
SF:/Users/soneill/Projects/node-fhir-server-core/packages/node-fhir-server-core/src/server/utils/prototype-injection-handler.utils.js
FN:4,(anonymous_0)
FNF:1
FNH:1
FNDA:1,(anonymous_0)
DA:1,4
DA:2,4
DA:4,4
DA:5,1
DA:6,1
DA:7,1
DA:9,0
DA:11,1
DA:12,1
DA:24,1
DA:28,4
LF:11
LH:10
BRDA:6,0,0,1
BRDA:6,0,1,0
BRDA:6,1,0,1
BRDA:6,1,1,1
BRF:4
BRH:3
end_of_record
TN:
SF:/Users/soneill/Projects/node-fhir-server-core/packages/node-fhir-server-core/src/server/utils/resolve.utils.js
FN:5,(anonymous_0)
FN:9,(anonymous_1)
FN:14,(anonymous_2)
FNF:3
FNH:3
FNDA:3,(anonymous_0)
FNDA:3,(anonymous_1)
FNDA:3,(anonymous_2)
DA:1,1
DA:3,1
DA:5,1
DA:6,3
DA:9,1
DA:10,3
DA:11,3
DA:14,1
DA:15,3
DA:18,1
LF:10
LH:10
BRDA:5,0,0,1
BRDA:5,1,0,2
BRDA:9,2,0,1
BRDA:9,3,0,2
BRDA:14,4,0,1
BRF:5
BRH:5
end_of_record
TN:
SF:/Users/soneill/Projects/node-fhir-server-core/packages/node-fhir-server-core/src/server/utils/sanitize.utils.js
FN:6,(anonymous_0)
FN:39,(anonymous_1)
FN:65,(anonymous_2)
FN:80,(anonymous_3)
FN:82,(anonymous_4)
FN:99,(anonymous_5)
FN:100,(anonymous_6)
FN:105,(anonymous_7)
FNF:8
FNH:8
FNDA:44,(anonymous_0)
FNDA:43,(anonymous_1)
FNDA:30,(anonymous_2)
FNDA:228,(anonymous_3)
FNDA:314,(anonymous_4)
FNDA:759,(anonymous_5)
FNDA:30,(anonymous_6)
FNDA:570,(anonymous_7)
DA:1,6
DA:2,6
DA:3,6
DA:4,6
DA:6,6
DA:8,44
DA:10,4
DA:11,3
DA:13,2
DA:14,2
DA:16,1
DA:17,1
DA:26,36
DA:27,36
DA:29,0
DA:30,0
DA:33,1
DA:34,1
DA:36,43
DA:39,6
DA:41,43
DA:43,3
DA:44,3
DA:46,1
DA:47,1
DA:53,38
DA:54,38
DA:56,0
DA:57,0
DA:59,1
DA:60,1
DA:62,43
DA:65,6
DA:66,30
DA:67,30
DA:68,30
DA:69,3
DA:71,30
DA:72,1
DA:74,30
DA:75,30
DA:77,30
DA:80,6
DA:81,228
DA:82,228
DA:83,314
DA:84,314
DA:86,228
DA:99,6
DA:100,759
DA:101,30
DA:102,30
DA:105,30
DA:106,570
DA:110,30
DA:111,228
DA:113,228
DA:116,228
DA:117,1
DA:122,227
DA:123,227
DA:124,44
DA:127,1
DA:131,226
DA:132,2
DA:137,26
DA:139,26
DA:143,6
LF:68
LH:64
BRDA:8,0,0,4
BRDA:8,0,1,2
BRDA:8,0,2,1
BRDA:8,0,3,33
BRDA:8,0,4,33
BRDA:8,0,5,33
BRDA:8,0,6,36
BRDA:8,0,7,0
BRDA:8,0,8,1
BRDA:41,1,0,3
BRDA:41,1,1,1
BRDA:41,1,2,33
BRDA:41,1,3,33
BRDA:41,1,4,33
BRDA:41,1,5,36
BRDA:41,1,6,38
BRDA:41,1,7,0
BRDA:41,1,8,1
BRDA:43,2,0,3
BRDA:43,2,1,3
BRDA:67,3,0,30
BRDA:67,3,1,21
BRDA:68,4,0,3
BRDA:68,4,1,27
BRDA:68,5,0,30
BRDA:68,5,1,22
BRDA:68,5,2,16
BRDA:71,6,0,1
BRDA:71,6,1,29
BRDA:71,7,0,30
BRDA:71,7,1,2
BRDA:71,7,2,1
BRDA:71,7,3,1
BRDA:74,8,0,30
BRDA:74,8,1,0
BRDA:74,9,0,30
BRDA:74,9,1,30
BRDA:80,10,0,0
BRDA:80,11,0,0
BRDA:106,12,0,570
BRDA:106,12,1,500
BRDA:116,13,0,1
BRDA:116,13,1,227
BRDA:116,14,0,228
BRDA:116,14,1,184
BRDA:123,15,0,44
BRDA:123,15,1,183
BRDA:131,16,0,2
BRDA:131,16,1,224
BRDA:131,17,0,226
BRDA:131,17,1,43
BRF:51
BRH:46
end_of_record
TN:
SF:/Users/soneill/Projects/node-fhir-server-core/packages/node-fhir-server-core/src/server/utils/schema.utils.js
FN:10,(anonymous_0)
FNF:1
FNH:1
FNDA:302,(anonymous_0)
DA:1,10
DA:2,10
DA:3,10
DA:10,10
DA:11,302
DA:12,302
DA:14,214
DA:16,83
DA:18,5
DA:22,10
LF:10
LH:10
BRDA:10,0,0,0
BRDA:10,1,0,0
BRDA:12,2,0,214
BRDA:12,2,1,83
BRDA:12,2,2,5
BRF:5
BRH:3
end_of_record
TN:
SF:/Users/soneill/Projects/node-fhir-server-core/packages/node-fhir-server-core/src/server/utils/server.error.js
FN:8,(anonymous_0)
FNF:1
FNH:1
FNDA:15,(anonymous_0)
DA:7,5
DA:9,15
DA:11,15
DA:14,15
DA:19,15
DA:20,15
DA:24,15
LF:7
LH:7
BRDA:19,0,0,15
BRDA:19,0,1,0
BRF:2
BRH:1
end_of_record
